This file contains any messages produced by compilers while
running configure, to aid debugging if configure makes a mistake.

It was created by OpenHIP configure 0.9svn1, which was
generated by GNU Autoconf 2.69.  Invocation command line was

  $ ./configure CC=/usr/bin/gcc CXX=/usr/bin/g++ CFLAGS=-g3 -gdwarf-2 CXXFLAGS=-g3 -gdwarf-2

## --------- ##
## Platform. ##
## --------- ##

hostname = mohammad-ThinkPad-X220
uname -m = x86_64
uname -r = 4.10.0-35-generic
uname -s = Linux
uname -v = #39~16.04.1-Ubuntu SMP Wed Sep 13 09:02:42 UTC 2017

/usr/bin/uname -p = unknown
/bin/uname -X     = unknown

/bin/arch              = unknown
/usr/bin/arch -k       = unknown
/usr/convex/getsysinfo = unknown
/usr/bin/hostinfo      = unknown
/bin/machine           = unknown
/usr/bin/oslevel       = unknown
/bin/universe          = unknown

PATH: /usr/bin
PATH: /home/mohammad/bin
PATH: /home/mohammad/.local/bin
PATH: /usr/local/sbin
PATH: /usr/local/bin
PATH: /usr/sbin
PATH: /usr/bin
PATH: /sbin
PATH: /bin
PATH: /usr/games
PATH: /usr/local/games
PATH: /snap/bin


## ----------- ##
## Core tests. ##
## ----------- ##

configure:2348: checking for a BSD-compatible install
configure:2416: result: /usr/bin/install -c
configure:2427: checking whether build environment is sane
configure:2482: result: yes
configure:2633: checking for a thread-safe mkdir -p
configure:2672: result: /bin/mkdir -p
configure:2679: checking for gawk
configure:2695: found /usr/bin/gawk
configure:2706: result: gawk
configure:2717: checking whether make sets $(MAKE)
configure:2739: result: yes
configure:2768: checking whether make supports nested variables
configure:2785: result: yes
configure:2927: checking for style of include used by make
configure:2955: result: GNU
configure:3026: checking for gcc
configure:3053: result: /usr/bin/gcc
configure:3282: checking for C compiler version
configure:3291: /usr/bin/gcc --version >&5
gcc (Ubuntu 5.4.0-6ubuntu1~16.04.4) 5.4.0 20160609
Copyright (C) 2015 Free Software Foundation, Inc.
This is free software; see the source for copying conditions.  There is NO
warranty; not even for MERCHANTABILITY or FITNESS FOR A PARTICULAR PURPOSE.

configure:3302: $? = 0
configure:3291: /usr/bin/gcc -v >&5
Using built-in specs.
COLLECT_GCC=/usr/bin/gcc
COLLECT_LTO_WRAPPER=/usr/lib/gcc/x86_64-linux-gnu/5/lto-wrapper
Target: x86_64-linux-gnu
Configured with: ../src/configure -v --with-pkgversion='Ubuntu 5.4.0-6ubuntu1~16.04.4' --with-bugurl=file:///usr/share/doc/gcc-5/README.Bugs --enable-languages=c,ada,c++,java,go,d,fortran,objc,obj-c++ --prefix=/usr --program-suffix=-5 --enable-shared --enable-linker-build-id --libexecdir=/usr/lib --without-included-gettext --enable-threads=posix --libdir=/usr/lib --enable-nls --with-sysroot=/ --enable-clocale=gnu --enable-libstdcxx-debug --enable-libstdcxx-time=yes --with-default-libstdcxx-abi=new --enable-gnu-unique-object --disable-vtable-verify --enable-libmpx --enable-plugin --with-system-zlib --disable-browser-plugin --enable-java-awt=gtk --enable-gtk-cairo --with-java-home=/usr/lib/jvm/java-1.5.0-gcj-5-amd64/jre --enable-java-home --with-jvm-root-dir=/usr/lib/jvm/java-1.5.0-gcj-5-amd64 --with-jvm-jar-dir=/usr/lib/jvm-exports/java-1.5.0-gcj-5-amd64 --with-arch-directory=amd64 --with-ecj-jar=/usr/share/java/eclipse-ecj.jar --enable-objc-gc --enable-multiarch --disable-werror --with-arch-32=i686 --with-abi=m64 --with-multilib-list=m32,m64,mx32 --enable-multilib --with-tune=generic --enable-checking=release --build=x86_64-linux-gnu --host=x86_64-linux-gnu --target=x86_64-linux-gnu
Thread model: posix
gcc version 5.4.0 20160609 (Ubuntu 5.4.0-6ubuntu1~16.04.4) 
configure:3302: $? = 0
configure:3291: /usr/bin/gcc -V >&5
gcc: error: unrecognized command line option '-V'
gcc: fatal error: no input files
compilation terminated.
configure:3302: $? = 1
configure:3291: /usr/bin/gcc -qversion >&5
gcc: error: unrecognized command line option '-qversion'
gcc: fatal error: no input files
compilation terminated.
configure:3302: $? = 1
configure:3322: checking whether the C compiler works
configure:3344: /usr/bin/gcc -g3 -gdwarf-2   conftest.c  >&5
configure:3348: $? = 0
configure:3396: result: yes
configure:3399: checking for C compiler default output file name
configure:3401: result: a.out
configure:3407: checking for suffix of executables
configure:3414: /usr/bin/gcc -o conftest -g3 -gdwarf-2   conftest.c  >&5
configure:3418: $? = 0
configure:3440: result: 
configure:3462: checking whether we are cross compiling
configure:3470: /usr/bin/gcc -o conftest -g3 -gdwarf-2   conftest.c  >&5
configure:3474: $? = 0
configure:3481: ./conftest
configure:3485: $? = 0
configure:3500: result: no
configure:3505: checking for suffix of object files
configure:3527: /usr/bin/gcc -c -g3 -gdwarf-2  conftest.c >&5
configure:3531: $? = 0
configure:3552: result: o
configure:3556: checking whether we are using the GNU C compiler
configure:3575: /usr/bin/gcc -c -g3 -gdwarf-2  conftest.c >&5
configure:3575: $? = 0
configure:3584: result: yes
configure:3593: checking whether /usr/bin/gcc accepts -g
configure:3613: /usr/bin/gcc -c -g  conftest.c >&5
configure:3613: $? = 0
configure:3654: result: yes
configure:3671: checking for /usr/bin/gcc option to accept ISO C89
configure:3734: /usr/bin/gcc  -c -g3 -gdwarf-2  conftest.c >&5
configure:3734: $? = 0
configure:3747: result: none needed
configure:3772: checking whether /usr/bin/gcc understands -c and -o together
configure:3794: /usr/bin/gcc -c conftest.c -o conftest2.o
configure:3797: $? = 0
configure:3794: /usr/bin/gcc -c conftest.c -o conftest2.o
configure:3797: $? = 0
configure:3809: result: yes
configure:3828: checking dependency style of /usr/bin/gcc
configure:3939: result: gcc3
configure:3960: checking how to run the C preprocessor
configure:3991: /usr/bin/gcc -E  conftest.c
configure:3991: $? = 0
configure:4005: /usr/bin/gcc -E  conftest.c
conftest.c:11:28: fatal error: ac_nonexistent.h: No such file or directory
compilation terminated.
configure:4005: $? = 1
configure: failed program was:
| /* confdefs.h */
| #define PACKAGE_NAME "OpenHIP"
| #define PACKAGE_TARNAME "openhip"
| #define PACKAGE_VERSION "0.9svn1"
| #define PACKAGE_STRING "OpenHIP 0.9svn1"
| #define PACKAGE_BUGREPORT "openhip-developers@lists.sourceforge.net"
| #define PACKAGE_URL ""
| #define PACKAGE "openhip"
| #define VERSION "0.9svn1"
| /* end confdefs.h.  */
| #include <ac_nonexistent.h>
configure:4030: result: /usr/bin/gcc -E
configure:4050: /usr/bin/gcc -E  conftest.c
configure:4050: $? = 0
configure:4064: /usr/bin/gcc -E  conftest.c
conftest.c:11:28: fatal error: ac_nonexistent.h: No such file or directory
compilation terminated.
configure:4064: $? = 1
configure: failed program was:
| /* confdefs.h */
| #define PACKAGE_NAME "OpenHIP"
| #define PACKAGE_TARNAME "openhip"
| #define PACKAGE_VERSION "0.9svn1"
| #define PACKAGE_STRING "OpenHIP 0.9svn1"
| #define PACKAGE_BUGREPORT "openhip-developers@lists.sourceforge.net"
| #define PACKAGE_URL ""
| #define PACKAGE "openhip"
| #define VERSION "0.9svn1"
| /* end confdefs.h.  */
| #include <ac_nonexistent.h>
configure:4093: checking for grep that handles long lines and -e
configure:4151: result: /bin/grep
configure:4156: checking for egrep
configure:4218: result: /bin/grep -E
configure:4223: checking for ANSI C header files
configure:4243: /usr/bin/gcc -c -g3 -gdwarf-2  conftest.c >&5
configure:4243: $? = 0
configure:4316: /usr/bin/gcc -o conftest -g3 -gdwarf-2   conftest.c  >&5
configure:4316: $? = 0
configure:4316: ./conftest
configure:4316: $? = 0
configure:4327: result: yes
configure:4340: checking for sys/types.h
configure:4340: /usr/bin/gcc -c -g3 -gdwarf-2  conftest.c >&5
configure:4340: $? = 0
configure:4340: result: yes
configure:4340: checking for sys/stat.h
configure:4340: /usr/bin/gcc -c -g3 -gdwarf-2  conftest.c >&5
configure:4340: $? = 0
configure:4340: result: yes
configure:4340: checking for stdlib.h
configure:4340: /usr/bin/gcc -c -g3 -gdwarf-2  conftest.c >&5
configure:4340: $? = 0
configure:4340: result: yes
configure:4340: checking for string.h
configure:4340: /usr/bin/gcc -c -g3 -gdwarf-2  conftest.c >&5
configure:4340: $? = 0
configure:4340: result: yes
configure:4340: checking for memory.h
configure:4340: /usr/bin/gcc -c -g3 -gdwarf-2  conftest.c >&5
configure:4340: $? = 0
configure:4340: result: yes
configure:4340: checking for strings.h
configure:4340: /usr/bin/gcc -c -g3 -gdwarf-2  conftest.c >&5
configure:4340: $? = 0
configure:4340: result: yes
configure:4340: checking for inttypes.h
configure:4340: /usr/bin/gcc -c -g3 -gdwarf-2  conftest.c >&5
configure:4340: $? = 0
configure:4340: result: yes
configure:4340: checking for stdint.h
configure:4340: /usr/bin/gcc -c -g3 -gdwarf-2  conftest.c >&5
configure:4340: $? = 0
configure:4340: result: yes
configure:4340: checking for unistd.h
configure:4340: /usr/bin/gcc -c -g3 -gdwarf-2  conftest.c >&5
configure:4340: $? = 0
configure:4340: result: yes
configure:4353: checking minix/config.h usability
configure:4353: /usr/bin/gcc -c -g3 -gdwarf-2  conftest.c >&5
conftest.c:54:26: fatal error: minix/config.h: No such file or directory
compilation terminated.
configure:4353: $? = 1
configure: failed program was:
| /* confdefs.h */
| #define PACKAGE_NAME "OpenHIP"
| #define PACKAGE_TARNAME "openhip"
| #define PACKAGE_VERSION "0.9svn1"
| #define PACKAGE_STRING "OpenHIP 0.9svn1"
| #define PACKAGE_BUGREPORT "openhip-developers@lists.sourceforge.net"
| #define PACKAGE_URL ""
| #define PACKAGE "openhip"
| #define VERSION "0.9svn1"
| #define STDC_HEADERS 1
| #define HAVE_SYS_TYPES_H 1
| #define HAVE_SYS_STAT_H 1
| #define HAVE_STDLIB_H 1
| #define HAVE_STRING_H 1
| #define HAVE_MEMORY_H 1
| #define HAVE_STRINGS_H 1
| #define HAVE_INTTYPES_H 1
| #define HAVE_STDINT_H 1
| #define HAVE_UNISTD_H 1
| /* end confdefs.h.  */
| #include <stdio.h>
| #ifdef HAVE_SYS_TYPES_H
| # include <sys/types.h>
| #endif
| #ifdef HAVE_SYS_STAT_H
| # include <sys/stat.h>
| #endif
| #ifdef STDC_HEADERS
| # include <stdlib.h>
| # include <stddef.h>
| #else
| # ifdef HAVE_STDLIB_H
| #  include <stdlib.h>
| # endif
| #endif
| #ifdef HAVE_STRING_H
| # if !defined STDC_HEADERS && defined HAVE_MEMORY_H
| #  include <memory.h>
| # endif
| # include <string.h>
| #endif
| #ifdef HAVE_STRINGS_H
| # include <strings.h>
| #endif
| #ifdef HAVE_INTTYPES_H
| # include <inttypes.h>
| #endif
| #ifdef HAVE_STDINT_H
| # include <stdint.h>
| #endif
| #ifdef HAVE_UNISTD_H
| # include <unistd.h>
| #endif
| #include <minix/config.h>
configure:4353: result: no
configure:4353: checking minix/config.h presence
configure:4353: /usr/bin/gcc -E  conftest.c
conftest.c:21:26: fatal error: minix/config.h: No such file or directory
compilation terminated.
configure:4353: $? = 1
configure: failed program was:
| /* confdefs.h */
| #define PACKAGE_NAME "OpenHIP"
| #define PACKAGE_TARNAME "openhip"
| #define PACKAGE_VERSION "0.9svn1"
| #define PACKAGE_STRING "OpenHIP 0.9svn1"
| #define PACKAGE_BUGREPORT "openhip-developers@lists.sourceforge.net"
| #define PACKAGE_URL ""
| #define PACKAGE "openhip"
| #define VERSION "0.9svn1"
| #define STDC_HEADERS 1
| #define HAVE_SYS_TYPES_H 1
| #define HAVE_SYS_STAT_H 1
| #define HAVE_STDLIB_H 1
| #define HAVE_STRING_H 1
| #define HAVE_MEMORY_H 1
| #define HAVE_STRINGS_H 1
| #define HAVE_INTTYPES_H 1
| #define HAVE_STDINT_H 1
| #define HAVE_UNISTD_H 1
| /* end confdefs.h.  */
| #include <minix/config.h>
configure:4353: result: no
configure:4353: checking for minix/config.h
configure:4353: result: no
configure:4374: checking whether it is safe to define __EXTENSIONS__
configure:4392: /usr/bin/gcc -c -g3 -gdwarf-2  conftest.c >&5
configure:4392: $? = 0
configure:4399: result: yes
configure:4538: checking for C++ compiler version
configure:4547: /usr/bin/g++ --version >&5
g++ (Ubuntu 5.4.0-6ubuntu1~16.04.4) 5.4.0 20160609
Copyright (C) 2015 Free Software Foundation, Inc.
This is free software; see the source for copying conditions.  There is NO
warranty; not even for MERCHANTABILITY or FITNESS FOR A PARTICULAR PURPOSE.

configure:4558: $? = 0
configure:4547: /usr/bin/g++ -v >&5
Using built-in specs.
COLLECT_GCC=/usr/bin/g++
COLLECT_LTO_WRAPPER=/usr/lib/gcc/x86_64-linux-gnu/5/lto-wrapper
Target: x86_64-linux-gnu
Configured with: ../src/configure -v --with-pkgversion='Ubuntu 5.4.0-6ubuntu1~16.04.4' --with-bugurl=file:///usr/share/doc/gcc-5/README.Bugs --enable-languages=c,ada,c++,java,go,d,fortran,objc,obj-c++ --prefix=/usr --program-suffix=-5 --enable-shared --enable-linker-build-id --libexecdir=/usr/lib --without-included-gettext --enable-threads=posix --libdir=/usr/lib --enable-nls --with-sysroot=/ --enable-clocale=gnu --enable-libstdcxx-debug --enable-libstdcxx-time=yes --with-default-libstdcxx-abi=new --enable-gnu-unique-object --disable-vtable-verify --enable-libmpx --enable-plugin --with-system-zlib --disable-browser-plugin --enable-java-awt=gtk --enable-gtk-cairo --with-java-home=/usr/lib/jvm/java-1.5.0-gcj-5-amd64/jre --enable-java-home --with-jvm-root-dir=/usr/lib/jvm/java-1.5.0-gcj-5-amd64 --with-jvm-jar-dir=/usr/lib/jvm-exports/java-1.5.0-gcj-5-amd64 --with-arch-directory=amd64 --with-ecj-jar=/usr/share/java/eclipse-ecj.jar --enable-objc-gc --enable-multiarch --disable-werror --with-arch-32=i686 --with-abi=m64 --with-multilib-list=m32,m64,mx32 --enable-multilib --with-tune=generic --enable-checking=release --build=x86_64-linux-gnu --host=x86_64-linux-gnu --target=x86_64-linux-gnu
Thread model: posix
gcc version 5.4.0 20160609 (Ubuntu 5.4.0-6ubuntu1~16.04.4) 
configure:4558: $? = 0
configure:4547: /usr/bin/g++ -V >&5
g++: error: unrecognized command line option '-V'
g++: fatal error: no input files
compilation terminated.
configure:4558: $? = 1
configure:4547: /usr/bin/g++ -qversion >&5
g++: error: unrecognized command line option '-qversion'
g++: fatal error: no input files
compilation terminated.
configure:4558: $? = 1
configure:4562: checking whether we are using the GNU C++ compiler
configure:4581: /usr/bin/g++ -c -g3 -gdwarf-2  conftest.cpp >&5
configure:4581: $? = 0
configure:4590: result: yes
configure:4599: checking whether /usr/bin/g++ accepts -g
configure:4619: /usr/bin/g++ -c -g  conftest.cpp >&5
configure:4619: $? = 0
configure:4660: result: yes
configure:4685: checking dependency style of /usr/bin/g++
configure:4796: result: gcc3
configure:4815: checking for gawk
configure:4842: result: gawk
configure:4901: checking for gcc
configure:4928: result: /usr/bin/gcc
configure:5157: checking for C compiler version
configure:5166: /usr/bin/gcc --version >&5
gcc (Ubuntu 5.4.0-6ubuntu1~16.04.4) 5.4.0 20160609
Copyright (C) 2015 Free Software Foundation, Inc.
This is free software; see the source for copying conditions.  There is NO
warranty; not even for MERCHANTABILITY or FITNESS FOR A PARTICULAR PURPOSE.

configure:5177: $? = 0
configure:5166: /usr/bin/gcc -v >&5
Using built-in specs.
COLLECT_GCC=/usr/bin/gcc
COLLECT_LTO_WRAPPER=/usr/lib/gcc/x86_64-linux-gnu/5/lto-wrapper
Target: x86_64-linux-gnu
Configured with: ../src/configure -v --with-pkgversion='Ubuntu 5.4.0-6ubuntu1~16.04.4' --with-bugurl=file:///usr/share/doc/gcc-5/README.Bugs --enable-languages=c,ada,c++,java,go,d,fortran,objc,obj-c++ --prefix=/usr --program-suffix=-5 --enable-shared --enable-linker-build-id --libexecdir=/usr/lib --without-included-gettext --enable-threads=posix --libdir=/usr/lib --enable-nls --with-sysroot=/ --enable-clocale=gnu --enable-libstdcxx-debug --enable-libstdcxx-time=yes --with-default-libstdcxx-abi=new --enable-gnu-unique-object --disable-vtable-verify --enable-libmpx --enable-plugin --with-system-zlib --disable-browser-plugin --enable-java-awt=gtk --enable-gtk-cairo --with-java-home=/usr/lib/jvm/java-1.5.0-gcj-5-amd64/jre --enable-java-home --with-jvm-root-dir=/usr/lib/jvm/java-1.5.0-gcj-5-amd64 --with-jvm-jar-dir=/usr/lib/jvm-exports/java-1.5.0-gcj-5-amd64 --with-arch-directory=amd64 --with-ecj-jar=/usr/share/java/eclipse-ecj.jar --enable-objc-gc --enable-multiarch --disable-werror --with-arch-32=i686 --with-abi=m64 --with-multilib-list=m32,m64,mx32 --enable-multilib --with-tune=generic --enable-checking=release --build=x86_64-linux-gnu --host=x86_64-linux-gnu --target=x86_64-linux-gnu
Thread model: posix
gcc version 5.4.0 20160609 (Ubuntu 5.4.0-6ubuntu1~16.04.4) 
configure:5177: $? = 0
configure:5166: /usr/bin/gcc -V >&5
gcc: error: unrecognized command line option '-V'
gcc: fatal error: no input files
compilation terminated.
configure:5177: $? = 1
configure:5166: /usr/bin/gcc -qversion >&5
gcc: error: unrecognized command line option '-qversion'
gcc: fatal error: no input files
compilation terminated.
configure:5177: $? = 1
configure:5181: checking whether we are using the GNU C compiler
configure:5209: result: yes
configure:5218: checking whether /usr/bin/gcc accepts -g
configure:5279: result: yes
configure:5296: checking for /usr/bin/gcc option to accept ISO C89
configure:5372: result: none needed
configure:5397: checking whether /usr/bin/gcc understands -c and -o together
configure:5434: result: yes
configure:5453: checking dependency style of /usr/bin/gcc
configure:5564: result: gcc3
configure:5584: checking how to run the C preprocessor
configure:5654: result: /usr/bin/gcc -E
configure:5674: /usr/bin/gcc -E  conftest.c
configure:5674: $? = 0
configure:5688: /usr/bin/gcc -E  conftest.c
conftest.c:26:28: fatal error: ac_nonexistent.h: No such file or directory
compilation terminated.
configure:5688: $? = 1
configure: failed program was:
| /* confdefs.h */
| #define PACKAGE_NAME "OpenHIP"
| #define PACKAGE_TARNAME "openhip"
| #define PACKAGE_VERSION "0.9svn1"
| #define PACKAGE_STRING "OpenHIP 0.9svn1"
| #define PACKAGE_BUGREPORT "openhip-developers@lists.sourceforge.net"
| #define PACKAGE_URL ""
| #define PACKAGE "openhip"
| #define VERSION "0.9svn1"
| #define STDC_HEADERS 1
| #define HAVE_SYS_TYPES_H 1
| #define HAVE_SYS_STAT_H 1
| #define HAVE_STDLIB_H 1
| #define HAVE_STRING_H 1
| #define HAVE_MEMORY_H 1
| #define HAVE_STRINGS_H 1
| #define HAVE_INTTYPES_H 1
| #define HAVE_STDINT_H 1
| #define HAVE_UNISTD_H 1
| #define __EXTENSIONS__ 1
| #define _ALL_SOURCE 1
| #define _GNU_SOURCE 1
| #define _POSIX_PTHREAD_SEMANTICS 1
| #define _TANDEM_SOURCE 1
| /* end confdefs.h.  */
| #include <ac_nonexistent.h>
configure:5720: checking for AES_cbc_encrypt in -lcrypto
configure:5745: /usr/bin/gcc -o conftest -g3 -gdwarf-2 -O3 -Werror -D_GNU_SOURCE -fno-strict-aliasing   conftest.c -lcrypto   >&5
configure:5745: $? = 0
configure:5754: result: yes
configure:5768: checking for RSA_verify in -lcrypto
configure:5793: /usr/bin/gcc -o conftest -g3 -gdwarf-2 -O3 -Werror -D_GNU_SOURCE -fno-strict-aliasing   conftest.c -lcrypto  -lcrypto  >&5
configure:5793: $? = 0
configure:5802: result: yes
configure:5817: checking for pthread_create in -lpthread
configure:5842: /usr/bin/gcc -o conftest -g3 -gdwarf-2 -O3 -Werror -D_GNU_SOURCE -fno-strict-aliasing   conftest.c -lpthread  -lcrypto -lcrypto  >&5
configure:5842: $? = 0
configure:5851: result: yes
configure:5868: checking for ANSI C header files
configure:5972: result: yes
configure:5980: checking for sys/wait.h that is POSIX.1 compatible
configure:6006: /usr/bin/gcc -c -g3 -gdwarf-2 -O3 -Werror -D_GNU_SOURCE -fno-strict-aliasing  conftest.c >&5
configure:6006: $? = 0
configure:6013: result: yes
configure:6024: checking arpa/inet.h usability
configure:6024: /usr/bin/gcc -c -g3 -gdwarf-2 -O3 -Werror -D_GNU_SOURCE -fno-strict-aliasing  conftest.c >&5
configure:6024: $? = 0
configure:6024: result: yes
configure:6024: checking arpa/inet.h presence
configure:6024: /usr/bin/gcc -E  conftest.c
configure:6024: $? = 0
configure:6024: result: yes
configure:6024: checking for arpa/inet.h
configure:6024: result: yes
configure:6024: checking fcntl.h usability
configure:6024: /usr/bin/gcc -c -g3 -gdwarf-2 -O3 -Werror -D_GNU_SOURCE -fno-strict-aliasing  conftest.c >&5
configure:6024: $? = 0
configure:6024: result: yes
configure:6024: checking fcntl.h presence
configure:6024: /usr/bin/gcc -E  conftest.c
configure:6024: $? = 0
configure:6024: result: yes
configure:6024: checking for fcntl.h
configure:6024: result: yes
configure:6024: checking netdb.h usability
configure:6024: /usr/bin/gcc -c -g3 -gdwarf-2 -O3 -Werror -D_GNU_SOURCE -fno-strict-aliasing  conftest.c >&5
configure:6024: $? = 0
configure:6024: result: yes
configure:6024: checking netdb.h presence
configure:6024: /usr/bin/gcc -E  conftest.c
configure:6024: $? = 0
configure:6024: result: yes
configure:6024: checking for netdb.h
configure:6024: result: yes
configure:6024: checking netinet/in.h usability
configure:6024: /usr/bin/gcc -c -g3 -gdwarf-2 -O3 -Werror -D_GNU_SOURCE -fno-strict-aliasing  conftest.c >&5
configure:6024: $? = 0
configure:6024: result: yes
configure:6024: checking netinet/in.h presence
configure:6024: /usr/bin/gcc -E  conftest.c
configure:6024: $? = 0
configure:6024: result: yes
configure:6024: checking for netinet/in.h
configure:6024: result: yes
configure:6024: checking for stdlib.h
configure:6024: result: yes
configure:6024: checking for string.h
configure:6024: result: yes
configure:6024: checking sys/ioctl.h usability
configure:6024: /usr/bin/gcc -c -g3 -gdwarf-2 -O3 -Werror -D_GNU_SOURCE -fno-strict-aliasing  conftest.c >&5
configure:6024: $? = 0
configure:6024: result: yes
configure:6024: checking sys/ioctl.h presence
configure:6024: /usr/bin/gcc -E  conftest.c
configure:6024: $? = 0
configure:6024: result: yes
configure:6024: checking for sys/ioctl.h
configure:6024: result: yes
configure:6024: checking sys/socket.h usability
configure:6024: /usr/bin/gcc -c -g3 -gdwarf-2 -O3 -Werror -D_GNU_SOURCE -fno-strict-aliasing  conftest.c >&5
configure:6024: $? = 0
configure:6024: result: yes
configure:6024: checking sys/socket.h presence
configure:6024: /usr/bin/gcc -E  conftest.c
configure:6024: $? = 0
configure:6024: result: yes
configure:6024: checking for sys/socket.h
configure:6024: result: yes
configure:6024: checking sys/time.h usability
configure:6024: /usr/bin/gcc -c -g3 -gdwarf-2 -O3 -Werror -D_GNU_SOURCE -fno-strict-aliasing  conftest.c >&5
configure:6024: $? = 0
configure:6024: result: yes
configure:6024: checking sys/time.h presence
configure:6024: /usr/bin/gcc -E  conftest.c
configure:6024: $? = 0
configure:6024: result: yes
configure:6024: checking for sys/time.h
configure:6024: result: yes
configure:6024: checking for unistd.h
configure:6024: result: yes
configure:6036: checking for an ANSI C-conforming const
configure:6102: /usr/bin/gcc -c -g3 -gdwarf-2 -O3 -Werror -D_GNU_SOURCE -fno-strict-aliasing  conftest.c >&5
configure:6102: $? = 0
configure:6109: result: yes
configure:6117: checking for inline
configure:6133: /usr/bin/gcc -c -g3 -gdwarf-2 -O3 -Werror -D_GNU_SOURCE -fno-strict-aliasing  conftest.c >&5
configure:6133: $? = 0
configure:6141: result: inline
configure:6159: checking for size_t
configure:6159: /usr/bin/gcc -c -g3 -gdwarf-2 -O3 -Werror -D_GNU_SOURCE -fno-strict-aliasing  conftest.c >&5
configure:6159: $? = 0
configure:6159: /usr/bin/gcc -c -g3 -gdwarf-2 -O3 -Werror -D_GNU_SOURCE -fno-strict-aliasing  conftest.c >&5
conftest.c: In function 'main':
conftest.c:77:21: error: expected expression before ')' token
 if (sizeof ((size_t)))
                     ^
configure:6159: $? = 1
configure: failed program was:
| /* confdefs.h */
| #define PACKAGE_NAME "OpenHIP"
| #define PACKAGE_TARNAME "openhip"
| #define PACKAGE_VERSION "0.9svn1"
| #define PACKAGE_STRING "OpenHIP 0.9svn1"
| #define PACKAGE_BUGREPORT "openhip-developers@lists.sourceforge.net"
| #define PACKAGE_URL ""
| #define PACKAGE "openhip"
| #define VERSION "0.9svn1"
| #define STDC_HEADERS 1
| #define HAVE_SYS_TYPES_H 1
| #define HAVE_SYS_STAT_H 1
| #define HAVE_STDLIB_H 1
| #define HAVE_STRING_H 1
| #define HAVE_MEMORY_H 1
| #define HAVE_STRINGS_H 1
| #define HAVE_INTTYPES_H 1
| #define HAVE_STDINT_H 1
| #define HAVE_UNISTD_H 1
| #define __EXTENSIONS__ 1
| #define _ALL_SOURCE 1
| #define _GNU_SOURCE 1
| #define _POSIX_PTHREAD_SEMANTICS 1
| #define _TANDEM_SOURCE 1
| #define HAVE_LIBCRYPTO 1
| #define HAVE_LIBCRYPTO 1
| #define HAVE_LIBPTHREAD 1
| #define STDC_HEADERS 1
| #define HAVE_SYS_WAIT_H 1
| #define HAVE_ARPA_INET_H 1
| #define HAVE_FCNTL_H 1
| #define HAVE_NETDB_H 1
| #define HAVE_NETINET_IN_H 1
| #define HAVE_STDLIB_H 1
| #define HAVE_STRING_H 1
| #define HAVE_SYS_IOCTL_H 1
| #define HAVE_SYS_SOCKET_H 1
| #define HAVE_SYS_TIME_H 1
| #define HAVE_UNISTD_H 1
| /* end confdefs.h.  */
| #include <stdio.h>
| #ifdef HAVE_SYS_TYPES_H
| # include <sys/types.h>
| #endif
| #ifdef HAVE_SYS_STAT_H
| # include <sys/stat.h>
| #endif
| #ifdef STDC_HEADERS
| # include <stdlib.h>
| # include <stddef.h>
| #else
| # ifdef HAVE_STDLIB_H
| #  include <stdlib.h>
| # endif
| #endif
| #ifdef HAVE_STRING_H
| # if !defined STDC_HEADERS && defined HAVE_MEMORY_H
| #  include <memory.h>
| # endif
| # include <string.h>
| #endif
| #ifdef HAVE_STRINGS_H
| # include <strings.h>
| #endif
| #ifdef HAVE_INTTYPES_H
| # include <inttypes.h>
| #endif
| #ifdef HAVE_STDINT_H
| # include <stdint.h>
| #endif
| #ifdef HAVE_UNISTD_H
| # include <unistd.h>
| #endif
| int
| main ()
| {
| if (sizeof ((size_t)))
| 	    return 0;
|   ;
|   return 0;
| }
configure:6159: result: yes
configure:6170: checking whether time.h and sys/time.h may both be included
configure:6190: /usr/bin/gcc -c -g3 -gdwarf-2 -O3 -Werror -D_GNU_SOURCE -fno-strict-aliasing  conftest.c >&5
configure:6190: $? = 0
configure:6197: result: yes
configure:6207: checking for pid_t
configure:6207: /usr/bin/gcc -c -g3 -gdwarf-2 -O3 -Werror -D_GNU_SOURCE -fno-strict-aliasing  conftest.c >&5
configure:6207: $? = 0
configure:6207: /usr/bin/gcc -c -g3 -gdwarf-2 -O3 -Werror -D_GNU_SOURCE -fno-strict-aliasing  conftest.c >&5
conftest.c: In function 'main':
conftest.c:78:20: error: expected expression before ')' token
 if (sizeof ((pid_t)))
                    ^
configure:6207: $? = 1
configure: failed program was:
| /* confdefs.h */
| #define PACKAGE_NAME "OpenHIP"
| #define PACKAGE_TARNAME "openhip"
| #define PACKAGE_VERSION "0.9svn1"
| #define PACKAGE_STRING "OpenHIP 0.9svn1"
| #define PACKAGE_BUGREPORT "openhip-developers@lists.sourceforge.net"
| #define PACKAGE_URL ""
| #define PACKAGE "openhip"
| #define VERSION "0.9svn1"
| #define STDC_HEADERS 1
| #define HAVE_SYS_TYPES_H 1
| #define HAVE_SYS_STAT_H 1
| #define HAVE_STDLIB_H 1
| #define HAVE_STRING_H 1
| #define HAVE_MEMORY_H 1
| #define HAVE_STRINGS_H 1
| #define HAVE_INTTYPES_H 1
| #define HAVE_STDINT_H 1
| #define HAVE_UNISTD_H 1
| #define __EXTENSIONS__ 1
| #define _ALL_SOURCE 1
| #define _GNU_SOURCE 1
| #define _POSIX_PTHREAD_SEMANTICS 1
| #define _TANDEM_SOURCE 1
| #define HAVE_LIBCRYPTO 1
| #define HAVE_LIBCRYPTO 1
| #define HAVE_LIBPTHREAD 1
| #define STDC_HEADERS 1
| #define HAVE_SYS_WAIT_H 1
| #define HAVE_ARPA_INET_H 1
| #define HAVE_FCNTL_H 1
| #define HAVE_NETDB_H 1
| #define HAVE_NETINET_IN_H 1
| #define HAVE_STDLIB_H 1
| #define HAVE_STRING_H 1
| #define HAVE_SYS_IOCTL_H 1
| #define HAVE_SYS_SOCKET_H 1
| #define HAVE_SYS_TIME_H 1
| #define HAVE_UNISTD_H 1
| #define TIME_WITH_SYS_TIME 1
| /* end confdefs.h.  */
| #include <stdio.h>
| #ifdef HAVE_SYS_TYPES_H
| # include <sys/types.h>
| #endif
| #ifdef HAVE_SYS_STAT_H
| # include <sys/stat.h>
| #endif
| #ifdef STDC_HEADERS
| # include <stdlib.h>
| # include <stddef.h>
| #else
| # ifdef HAVE_STDLIB_H
| #  include <stdlib.h>
| # endif
| #endif
| #ifdef HAVE_STRING_H
| # if !defined STDC_HEADERS && defined HAVE_MEMORY_H
| #  include <memory.h>
| # endif
| # include <string.h>
| #endif
| #ifdef HAVE_STRINGS_H
| # include <strings.h>
| #endif
| #ifdef HAVE_INTTYPES_H
| # include <inttypes.h>
| #endif
| #ifdef HAVE_STDINT_H
| # include <stdint.h>
| #endif
| #ifdef HAVE_UNISTD_H
| # include <unistd.h>
| #endif
| int
| main ()
| {
| if (sizeof ((pid_t)))
| 	    return 0;
|   ;
|   return 0;
| }
configure:6207: result: yes
configure:6220: checking vfork.h usability
configure:6220: /usr/bin/gcc -c -g3 -gdwarf-2 -O3 -Werror -D_GNU_SOURCE -fno-strict-aliasing  conftest.c >&5
conftest.c:75:19: fatal error: vfork.h: No such file or directory
compilation terminated.
configure:6220: $? = 1
configure: failed program was:
| /* confdefs.h */
| #define PACKAGE_NAME "OpenHIP"
| #define PACKAGE_TARNAME "openhip"
| #define PACKAGE_VERSION "0.9svn1"
| #define PACKAGE_STRING "OpenHIP 0.9svn1"
| #define PACKAGE_BUGREPORT "openhip-developers@lists.sourceforge.net"
| #define PACKAGE_URL ""
| #define PACKAGE "openhip"
| #define VERSION "0.9svn1"
| #define STDC_HEADERS 1
| #define HAVE_SYS_TYPES_H 1
| #define HAVE_SYS_STAT_H 1
| #define HAVE_STDLIB_H 1
| #define HAVE_STRING_H 1
| #define HAVE_MEMORY_H 1
| #define HAVE_STRINGS_H 1
| #define HAVE_INTTYPES_H 1
| #define HAVE_STDINT_H 1
| #define HAVE_UNISTD_H 1
| #define __EXTENSIONS__ 1
| #define _ALL_SOURCE 1
| #define _GNU_SOURCE 1
| #define _POSIX_PTHREAD_SEMANTICS 1
| #define _TANDEM_SOURCE 1
| #define HAVE_LIBCRYPTO 1
| #define HAVE_LIBCRYPTO 1
| #define HAVE_LIBPTHREAD 1
| #define STDC_HEADERS 1
| #define HAVE_SYS_WAIT_H 1
| #define HAVE_ARPA_INET_H 1
| #define HAVE_FCNTL_H 1
| #define HAVE_NETDB_H 1
| #define HAVE_NETINET_IN_H 1
| #define HAVE_STDLIB_H 1
| #define HAVE_STRING_H 1
| #define HAVE_SYS_IOCTL_H 1
| #define HAVE_SYS_SOCKET_H 1
| #define HAVE_SYS_TIME_H 1
| #define HAVE_UNISTD_H 1
| #define TIME_WITH_SYS_TIME 1
| /* end confdefs.h.  */
| #include <stdio.h>
| #ifdef HAVE_SYS_TYPES_H
| # include <sys/types.h>
| #endif
| #ifdef HAVE_SYS_STAT_H
| # include <sys/stat.h>
| #endif
| #ifdef STDC_HEADERS
| # include <stdlib.h>
| # include <stddef.h>
| #else
| # ifdef HAVE_STDLIB_H
| #  include <stdlib.h>
| # endif
| #endif
| #ifdef HAVE_STRING_H
| # if !defined STDC_HEADERS && defined HAVE_MEMORY_H
| #  include <memory.h>
| # endif
| # include <string.h>
| #endif
| #ifdef HAVE_STRINGS_H
| # include <strings.h>
| #endif
| #ifdef HAVE_INTTYPES_H
| # include <inttypes.h>
| #endif
| #ifdef HAVE_STDINT_H
| # include <stdint.h>
| #endif
| #ifdef HAVE_UNISTD_H
| # include <unistd.h>
| #endif
| #include <vfork.h>
configure:6220: result: no
configure:6220: checking vfork.h presence
configure:6220: /usr/bin/gcc -E  conftest.c
conftest.c:42:19: fatal error: vfork.h: No such file or directory
compilation terminated.
configure:6220: $? = 1
configure: failed program was:
| /* confdefs.h */
| #define PACKAGE_NAME "OpenHIP"
| #define PACKAGE_TARNAME "openhip"
| #define PACKAGE_VERSION "0.9svn1"
| #define PACKAGE_STRING "OpenHIP 0.9svn1"
| #define PACKAGE_BUGREPORT "openhip-developers@lists.sourceforge.net"
| #define PACKAGE_URL ""
| #define PACKAGE "openhip"
| #define VERSION "0.9svn1"
| #define STDC_HEADERS 1
| #define HAVE_SYS_TYPES_H 1
| #define HAVE_SYS_STAT_H 1
| #define HAVE_STDLIB_H 1
| #define HAVE_STRING_H 1
| #define HAVE_MEMORY_H 1
| #define HAVE_STRINGS_H 1
| #define HAVE_INTTYPES_H 1
| #define HAVE_STDINT_H 1
| #define HAVE_UNISTD_H 1
| #define __EXTENSIONS__ 1
| #define _ALL_SOURCE 1
| #define _GNU_SOURCE 1
| #define _POSIX_PTHREAD_SEMANTICS 1
| #define _TANDEM_SOURCE 1
| #define HAVE_LIBCRYPTO 1
| #define HAVE_LIBCRYPTO 1
| #define HAVE_LIBPTHREAD 1
| #define STDC_HEADERS 1
| #define HAVE_SYS_WAIT_H 1
| #define HAVE_ARPA_INET_H 1
| #define HAVE_FCNTL_H 1
| #define HAVE_NETDB_H 1
| #define HAVE_NETINET_IN_H 1
| #define HAVE_STDLIB_H 1
| #define HAVE_STRING_H 1
| #define HAVE_SYS_IOCTL_H 1
| #define HAVE_SYS_SOCKET_H 1
| #define HAVE_SYS_TIME_H 1
| #define HAVE_UNISTD_H 1
| #define TIME_WITH_SYS_TIME 1
| /* end confdefs.h.  */
| #include <vfork.h>
configure:6220: result: no
configure:6220: checking for vfork.h
configure:6220: result: no
configure:6233: checking for fork
configure:6233: /usr/bin/gcc -o conftest -g3 -gdwarf-2 -O3 -Werror -D_GNU_SOURCE -fno-strict-aliasing   conftest.c -lpthread -lcrypto -lcrypto  -lm >&5
conftest.c:65:6: error: conflicting types for built-in function 'fork' [-Werror]
 char fork ();
      ^
cc1: all warnings being treated as errors
configure:6233: $? = 1
configure: failed program was:
| /* confdefs.h */
| #define PACKAGE_NAME "OpenHIP"
| #define PACKAGE_TARNAME "openhip"
| #define PACKAGE_VERSION "0.9svn1"
| #define PACKAGE_STRING "OpenHIP 0.9svn1"
| #define PACKAGE_BUGREPORT "openhip-developers@lists.sourceforge.net"
| #define PACKAGE_URL ""
| #define PACKAGE "openhip"
| #define VERSION "0.9svn1"
| #define STDC_HEADERS 1
| #define HAVE_SYS_TYPES_H 1
| #define HAVE_SYS_STAT_H 1
| #define HAVE_STDLIB_H 1
| #define HAVE_STRING_H 1
| #define HAVE_MEMORY_H 1
| #define HAVE_STRINGS_H 1
| #define HAVE_INTTYPES_H 1
| #define HAVE_STDINT_H 1
| #define HAVE_UNISTD_H 1
| #define __EXTENSIONS__ 1
| #define _ALL_SOURCE 1
| #define _GNU_SOURCE 1
| #define _POSIX_PTHREAD_SEMANTICS 1
| #define _TANDEM_SOURCE 1
| #define HAVE_LIBCRYPTO 1
| #define HAVE_LIBCRYPTO 1
| #define HAVE_LIBPTHREAD 1
| #define STDC_HEADERS 1
| #define HAVE_SYS_WAIT_H 1
| #define HAVE_ARPA_INET_H 1
| #define HAVE_FCNTL_H 1
| #define HAVE_NETDB_H 1
| #define HAVE_NETINET_IN_H 1
| #define HAVE_STDLIB_H 1
| #define HAVE_STRING_H 1
| #define HAVE_SYS_IOCTL_H 1
| #define HAVE_SYS_SOCKET_H 1
| #define HAVE_SYS_TIME_H 1
| #define HAVE_UNISTD_H 1
| #define TIME_WITH_SYS_TIME 1
| /* end confdefs.h.  */
| /* Define fork to an innocuous variant, in case <limits.h> declares fork.
|    For example, HP-UX 11i <limits.h> declares gettimeofday.  */
| #define fork innocuous_fork
| 
| /* System header to define __stub macros and hopefully few prototypes,
|     which can conflict with char fork (); below.
|     Prefer <limits.h> to <assert.h> if __STDC__ is defined, since
|     <limits.h> exists even on freestanding compilers.  */
| 
| #ifdef __STDC__
| # include <limits.h>
| #else
| # include <assert.h>
| #endif
| 
| #undef fork
| 
| /* Override any GCC internal prototype to avoid an error.
|    Use char because int might match the return type of a GCC
|    builtin and then its argument prototype would still apply.  */
| #ifdef __cplusplus
| extern "C"
| #endif
| char fork ();
| /* The GNU C library defines this for functions which it implements
|     to always fail with ENOSYS.  Some functions are actually named
|     something starting with __ and the normal name is an alias.  */
| #if defined __stub_fork || defined __stub___fork
| choke me
| #endif
| 
| int
| main ()
| {
| return fork ();
|   ;
|   return 0;
| }
configure:6233: result: no
configure:6233: checking for vfork
configure:6233: /usr/bin/gcc -o conftest -g3 -gdwarf-2 -O3 -Werror -D_GNU_SOURCE -fno-strict-aliasing   conftest.c -lpthread -lcrypto -lcrypto  -lm >&5
configure:6233: $? = 0
configure:6233: result: yes
configure:6296: checking for working vfork
configure:6406: result: yes
configure:6432: checking whether /usr/bin/gcc needs -traditional
configure:6466: result: no
configure:6475: checking for stdlib.h
configure:6475: result: yes
configure:6485: checking for GNU libc compatible malloc
configure:6509: /usr/bin/gcc -o conftest -g3 -gdwarf-2 -O3 -Werror -D_GNU_SOURCE -fno-strict-aliasing   conftest.c -lpthread -lcrypto -lcrypto  -lm >&5
configure:6509: $? = 0
configure:6509: ./conftest
configure:6509: $? = 0
configure:6519: result: yes
configure:6540: checking for working memcmp
configure:6583: /usr/bin/gcc -o conftest -g3 -gdwarf-2 -O3 -Werror -D_GNU_SOURCE -fno-strict-aliasing   conftest.c -lpthread -lcrypto -lcrypto  -lm >&5
configure:6583: $? = 0
configure:6583: ./conftest
configure:6583: $? = 0
configure:6593: result: yes
configure:6605: checking sys/select.h usability
configure:6605: /usr/bin/gcc -c -g3 -gdwarf-2 -O3 -Werror -D_GNU_SOURCE -fno-strict-aliasing  conftest.c >&5
configure:6605: $? = 0
configure:6605: result: yes
configure:6605: checking sys/select.h presence
configure:6605: /usr/bin/gcc -E  conftest.c
configure:6605: $? = 0
configure:6605: result: yes
configure:6605: checking for sys/select.h
configure:6605: result: yes
configure:6605: checking for sys/socket.h
configure:6605: result: yes
configure:6615: checking types of arguments for select
configure:6643: /usr/bin/gcc -c -g3 -gdwarf-2 -O3 -Werror -D_GNU_SOURCE -fno-strict-aliasing  conftest.c >&5
configure:6643: $? = 0
configure:6654: result: int,fd_set *,struct timeval *
configure:6677: checking return type of signal handlers
configure:6695: /usr/bin/gcc -c -g3 -gdwarf-2 -O3 -Werror -D_GNU_SOURCE -fno-strict-aliasing  conftest.c >&5
conftest.c: In function 'main':
conftest.c:57:9: error: void value not ignored as it ought to be
 return *(signal (0, 0)) (0) == 1;
         ^
configure:6695: $? = 1
configure: failed program was:
| /* confdefs.h */
| #define PACKAGE_NAME "OpenHIP"
| #define PACKAGE_TARNAME "openhip"
| #define PACKAGE_VERSION "0.9svn1"
| #define PACKAGE_STRING "OpenHIP 0.9svn1"
| #define PACKAGE_BUGREPORT "openhip-developers@lists.sourceforge.net"
| #define PACKAGE_URL ""
| #define PACKAGE "openhip"
| #define VERSION "0.9svn1"
| #define STDC_HEADERS 1
| #define HAVE_SYS_TYPES_H 1
| #define HAVE_SYS_STAT_H 1
| #define HAVE_STDLIB_H 1
| #define HAVE_STRING_H 1
| #define HAVE_MEMORY_H 1
| #define HAVE_STRINGS_H 1
| #define HAVE_INTTYPES_H 1
| #define HAVE_STDINT_H 1
| #define HAVE_UNISTD_H 1
| #define __EXTENSIONS__ 1
| #define _ALL_SOURCE 1
| #define _GNU_SOURCE 1
| #define _POSIX_PTHREAD_SEMANTICS 1
| #define _TANDEM_SOURCE 1
| #define HAVE_LIBCRYPTO 1
| #define HAVE_LIBCRYPTO 1
| #define HAVE_LIBPTHREAD 1
| #define STDC_HEADERS 1
| #define HAVE_SYS_WAIT_H 1
| #define HAVE_ARPA_INET_H 1
| #define HAVE_FCNTL_H 1
| #define HAVE_NETDB_H 1
| #define HAVE_NETINET_IN_H 1
| #define HAVE_STDLIB_H 1
| #define HAVE_STRING_H 1
| #define HAVE_SYS_IOCTL_H 1
| #define HAVE_SYS_SOCKET_H 1
| #define HAVE_SYS_TIME_H 1
| #define HAVE_UNISTD_H 1
| #define TIME_WITH_SYS_TIME 1
| #define HAVE_VFORK 1
| #define HAVE_WORKING_VFORK 1
| #define HAVE_STDLIB_H 1
| #define HAVE_MALLOC 1
| #define HAVE_SYS_SELECT_H 1
| #define HAVE_SYS_SOCKET_H 1
| #define SELECT_TYPE_ARG1 int
| #define SELECT_TYPE_ARG234 (fd_set *)
| #define SELECT_TYPE_ARG5 (struct timeval *)
| /* end confdefs.h.  */
| #include <sys/types.h>
| #include <signal.h>
| 
| int
| main ()
| {
| return *(signal (0, 0)) (0) == 1;
|   ;
|   return 0;
| }
configure:6702: result: void
configure:6712: checking for vprintf
configure:6712: /usr/bin/gcc -o conftest -g3 -gdwarf-2 -O3 -Werror -D_GNU_SOURCE -fno-strict-aliasing   conftest.c -lpthread -lcrypto -lcrypto  -lm >&5
conftest.c:75:6: error: conflicting types for built-in function 'vprintf' [-Werror]
 char vprintf ();
      ^
cc1: all warnings being treated as errors
configure:6712: $? = 1
configure: failed program was:
| /* confdefs.h */
| #define PACKAGE_NAME "OpenHIP"
| #define PACKAGE_TARNAME "openhip"
| #define PACKAGE_VERSION "0.9svn1"
| #define PACKAGE_STRING "OpenHIP 0.9svn1"
| #define PACKAGE_BUGREPORT "openhip-developers@lists.sourceforge.net"
| #define PACKAGE_URL ""
| #define PACKAGE "openhip"
| #define VERSION "0.9svn1"
| #define STDC_HEADERS 1
| #define HAVE_SYS_TYPES_H 1
| #define HAVE_SYS_STAT_H 1
| #define HAVE_STDLIB_H 1
| #define HAVE_STRING_H 1
| #define HAVE_MEMORY_H 1
| #define HAVE_STRINGS_H 1
| #define HAVE_INTTYPES_H 1
| #define HAVE_STDINT_H 1
| #define HAVE_UNISTD_H 1
| #define __EXTENSIONS__ 1
| #define _ALL_SOURCE 1
| #define _GNU_SOURCE 1
| #define _POSIX_PTHREAD_SEMANTICS 1
| #define _TANDEM_SOURCE 1
| #define HAVE_LIBCRYPTO 1
| #define HAVE_LIBCRYPTO 1
| #define HAVE_LIBPTHREAD 1
| #define STDC_HEADERS 1
| #define HAVE_SYS_WAIT_H 1
| #define HAVE_ARPA_INET_H 1
| #define HAVE_FCNTL_H 1
| #define HAVE_NETDB_H 1
| #define HAVE_NETINET_IN_H 1
| #define HAVE_STDLIB_H 1
| #define HAVE_STRING_H 1
| #define HAVE_SYS_IOCTL_H 1
| #define HAVE_SYS_SOCKET_H 1
| #define HAVE_SYS_TIME_H 1
| #define HAVE_UNISTD_H 1
| #define TIME_WITH_SYS_TIME 1
| #define HAVE_VFORK 1
| #define HAVE_WORKING_VFORK 1
| #define HAVE_STDLIB_H 1
| #define HAVE_MALLOC 1
| #define HAVE_SYS_SELECT_H 1
| #define HAVE_SYS_SOCKET_H 1
| #define SELECT_TYPE_ARG1 int
| #define SELECT_TYPE_ARG234 (fd_set *)
| #define SELECT_TYPE_ARG5 (struct timeval *)
| #define RETSIGTYPE void
| /* end confdefs.h.  */
| /* Define vprintf to an innocuous variant, in case <limits.h> declares vprintf.
|    For example, HP-UX 11i <limits.h> declares gettimeofday.  */
| #define vprintf innocuous_vprintf
| 
| /* System header to define __stub macros and hopefully few prototypes,
|     which can conflict with char vprintf (); below.
|     Prefer <limits.h> to <assert.h> if __STDC__ is defined, since
|     <limits.h> exists even on freestanding compilers.  */
| 
| #ifdef __STDC__
| # include <limits.h>
| #else
| # include <assert.h>
| #endif
| 
| #undef vprintf
| 
| /* Override any GCC internal prototype to avoid an error.
|    Use char because int might match the return type of a GCC
|    builtin and then its argument prototype would still apply.  */
| #ifdef __cplusplus
| extern "C"
| #endif
| char vprintf ();
| /* The GNU C library defines this for functions which it implements
|     to always fail with ENOSYS.  Some functions are actually named
|     something starting with __ and the normal name is an alias.  */
| #if defined __stub_vprintf || defined __stub___vprintf
| choke me
| #endif
| 
| int
| main ()
| {
| return vprintf ();
|   ;
|   return 0;
| }
configure:6712: result: no
configure:6732: checking for bzero
configure:6732: /usr/bin/gcc -o conftest -g3 -gdwarf-2 -O3 -Werror -D_GNU_SOURCE -fno-strict-aliasing   conftest.c -lpthread -lcrypto -lcrypto  -lm >&5
conftest.c:75:6: error: conflicting types for built-in function 'bzero' [-Werror]
 char bzero ();
      ^
cc1: all warnings being treated as errors
configure:6732: $? = 1
configure: failed program was:
| /* confdefs.h */
| #define PACKAGE_NAME "OpenHIP"
| #define PACKAGE_TARNAME "openhip"
| #define PACKAGE_VERSION "0.9svn1"
| #define PACKAGE_STRING "OpenHIP 0.9svn1"
| #define PACKAGE_BUGREPORT "openhip-developers@lists.sourceforge.net"
| #define PACKAGE_URL ""
| #define PACKAGE "openhip"
| #define VERSION "0.9svn1"
| #define STDC_HEADERS 1
| #define HAVE_SYS_TYPES_H 1
| #define HAVE_SYS_STAT_H 1
| #define HAVE_STDLIB_H 1
| #define HAVE_STRING_H 1
| #define HAVE_MEMORY_H 1
| #define HAVE_STRINGS_H 1
| #define HAVE_INTTYPES_H 1
| #define HAVE_STDINT_H 1
| #define HAVE_UNISTD_H 1
| #define __EXTENSIONS__ 1
| #define _ALL_SOURCE 1
| #define _GNU_SOURCE 1
| #define _POSIX_PTHREAD_SEMANTICS 1
| #define _TANDEM_SOURCE 1
| #define HAVE_LIBCRYPTO 1
| #define HAVE_LIBCRYPTO 1
| #define HAVE_LIBPTHREAD 1
| #define STDC_HEADERS 1
| #define HAVE_SYS_WAIT_H 1
| #define HAVE_ARPA_INET_H 1
| #define HAVE_FCNTL_H 1
| #define HAVE_NETDB_H 1
| #define HAVE_NETINET_IN_H 1
| #define HAVE_STDLIB_H 1
| #define HAVE_STRING_H 1
| #define HAVE_SYS_IOCTL_H 1
| #define HAVE_SYS_SOCKET_H 1
| #define HAVE_SYS_TIME_H 1
| #define HAVE_UNISTD_H 1
| #define TIME_WITH_SYS_TIME 1
| #define HAVE_VFORK 1
| #define HAVE_WORKING_VFORK 1
| #define HAVE_STDLIB_H 1
| #define HAVE_MALLOC 1
| #define HAVE_SYS_SELECT_H 1
| #define HAVE_SYS_SOCKET_H 1
| #define SELECT_TYPE_ARG1 int
| #define SELECT_TYPE_ARG234 (fd_set *)
| #define SELECT_TYPE_ARG5 (struct timeval *)
| #define RETSIGTYPE void
| /* end confdefs.h.  */
| /* Define bzero to an innocuous variant, in case <limits.h> declares bzero.
|    For example, HP-UX 11i <limits.h> declares gettimeofday.  */
| #define bzero innocuous_bzero
| 
| /* System header to define __stub macros and hopefully few prototypes,
|     which can conflict with char bzero (); below.
|     Prefer <limits.h> to <assert.h> if __STDC__ is defined, since
|     <limits.h> exists even on freestanding compilers.  */
| 
| #ifdef __STDC__
| # include <limits.h>
| #else
| # include <assert.h>
| #endif
| 
| #undef bzero
| 
| /* Override any GCC internal prototype to avoid an error.
|    Use char because int might match the return type of a GCC
|    builtin and then its argument prototype would still apply.  */
| #ifdef __cplusplus
| extern "C"
| #endif
| char bzero ();
| /* The GNU C library defines this for functions which it implements
|     to always fail with ENOSYS.  Some functions are actually named
|     something starting with __ and the normal name is an alias.  */
| #if defined __stub_bzero || defined __stub___bzero
| choke me
| #endif
| 
| int
| main ()
| {
| return bzero ();
|   ;
|   return 0;
| }
configure:6732: result: no
configure:6732: checking for gethostbyname
configure:6732: /usr/bin/gcc -o conftest -g3 -gdwarf-2 -O3 -Werror -D_GNU_SOURCE -fno-strict-aliasing   conftest.c -lpthread -lcrypto -lcrypto  -lm >&5
configure:6732: $? = 0
configure:6732: result: yes
configure:6732: checking for gethostname
configure:6732: /usr/bin/gcc -o conftest -g3 -gdwarf-2 -O3 -Werror -D_GNU_SOURCE -fno-strict-aliasing   conftest.c -lpthread -lcrypto -lcrypto  -lm >&5
configure:6732: $? = 0
configure:6732: result: yes
configure:6732: checking for gettimeofday
configure:6732: /usr/bin/gcc -o conftest -g3 -gdwarf-2 -O3 -Werror -D_GNU_SOURCE -fno-strict-aliasing   conftest.c -lpthread -lcrypto -lcrypto  -lm >&5
configure:6732: $? = 0
configure:6732: result: yes
configure:6732: checking for inet_ntoa
configure:6732: /usr/bin/gcc -o conftest -g3 -gdwarf-2 -O3 -Werror -D_GNU_SOURCE -fno-strict-aliasing   conftest.c -lpthread -lcrypto -lcrypto  -lm >&5
configure:6732: $? = 0
configure:6732: result: yes
configure:6732: checking for memmove
configure:6732: /usr/bin/gcc -o conftest -g3 -gdwarf-2 -O3 -Werror -D_GNU_SOURCE -fno-strict-aliasing   conftest.c -lpthread -lcrypto -lcrypto  -lm >&5
conftest.c:79:6: error: conflicting types for built-in function 'memmove' [-Werror]
 char memmove ();
      ^
cc1: all warnings being treated as errors
configure:6732: $? = 1
configure: failed program was:
| /* confdefs.h */
| #define PACKAGE_NAME "OpenHIP"
| #define PACKAGE_TARNAME "openhip"
| #define PACKAGE_VERSION "0.9svn1"
| #define PACKAGE_STRING "OpenHIP 0.9svn1"
| #define PACKAGE_BUGREPORT "openhip-developers@lists.sourceforge.net"
| #define PACKAGE_URL ""
| #define PACKAGE "openhip"
| #define VERSION "0.9svn1"
| #define STDC_HEADERS 1
| #define HAVE_SYS_TYPES_H 1
| #define HAVE_SYS_STAT_H 1
| #define HAVE_STDLIB_H 1
| #define HAVE_STRING_H 1
| #define HAVE_MEMORY_H 1
| #define HAVE_STRINGS_H 1
| #define HAVE_INTTYPES_H 1
| #define HAVE_STDINT_H 1
| #define HAVE_UNISTD_H 1
| #define __EXTENSIONS__ 1
| #define _ALL_SOURCE 1
| #define _GNU_SOURCE 1
| #define _POSIX_PTHREAD_SEMANTICS 1
| #define _TANDEM_SOURCE 1
| #define HAVE_LIBCRYPTO 1
| #define HAVE_LIBCRYPTO 1
| #define HAVE_LIBPTHREAD 1
| #define STDC_HEADERS 1
| #define HAVE_SYS_WAIT_H 1
| #define HAVE_ARPA_INET_H 1
| #define HAVE_FCNTL_H 1
| #define HAVE_NETDB_H 1
| #define HAVE_NETINET_IN_H 1
| #define HAVE_STDLIB_H 1
| #define HAVE_STRING_H 1
| #define HAVE_SYS_IOCTL_H 1
| #define HAVE_SYS_SOCKET_H 1
| #define HAVE_SYS_TIME_H 1
| #define HAVE_UNISTD_H 1
| #define TIME_WITH_SYS_TIME 1
| #define HAVE_VFORK 1
| #define HAVE_WORKING_VFORK 1
| #define HAVE_STDLIB_H 1
| #define HAVE_MALLOC 1
| #define HAVE_SYS_SELECT_H 1
| #define HAVE_SYS_SOCKET_H 1
| #define SELECT_TYPE_ARG1 int
| #define SELECT_TYPE_ARG234 (fd_set *)
| #define SELECT_TYPE_ARG5 (struct timeval *)
| #define RETSIGTYPE void
| #define HAVE_GETHOSTBYNAME 1
| #define HAVE_GETHOSTNAME 1
| #define HAVE_GETTIMEOFDAY 1
| #define HAVE_INET_NTOA 1
| /* end confdefs.h.  */
| /* Define memmove to an innocuous variant, in case <limits.h> declares memmove.
|    For example, HP-UX 11i <limits.h> declares gettimeofday.  */
| #define memmove innocuous_memmove
| 
| /* System header to define __stub macros and hopefully few prototypes,
|     which can conflict with char memmove (); below.
|     Prefer <limits.h> to <assert.h> if __STDC__ is defined, since
|     <limits.h> exists even on freestanding compilers.  */
| 
| #ifdef __STDC__
| # include <limits.h>
| #else
| # include <assert.h>
| #endif
| 
| #undef memmove
| 
| /* Override any GCC internal prototype to avoid an error.
|    Use char because int might match the return type of a GCC
|    builtin and then its argument prototype would still apply.  */
| #ifdef __cplusplus
| extern "C"
| #endif
| char memmove ();
| /* The GNU C library defines this for functions which it implements
|     to always fail with ENOSYS.  Some functions are actually named
|     something starting with __ and the normal name is an alias.  */
| #if defined __stub_memmove || defined __stub___memmove
| choke me
| #endif
| 
| int
| main ()
| {
| return memmove ();
|   ;
|   return 0;
| }
configure:6732: result: no
configure:6732: checking for memset
configure:6732: /usr/bin/gcc -o conftest -g3 -gdwarf-2 -O3 -Werror -D_GNU_SOURCE -fno-strict-aliasing   conftest.c -lpthread -lcrypto -lcrypto  -lm >&5
conftest.c:79:6: error: conflicting types for built-in function 'memset' [-Werror]
 char memset ();
      ^
cc1: all warnings being treated as errors
configure:6732: $? = 1
configure: failed program was:
| /* confdefs.h */
| #define PACKAGE_NAME "OpenHIP"
| #define PACKAGE_TARNAME "openhip"
| #define PACKAGE_VERSION "0.9svn1"
| #define PACKAGE_STRING "OpenHIP 0.9svn1"
| #define PACKAGE_BUGREPORT "openhip-developers@lists.sourceforge.net"
| #define PACKAGE_URL ""
| #define PACKAGE "openhip"
| #define VERSION "0.9svn1"
| #define STDC_HEADERS 1
| #define HAVE_SYS_TYPES_H 1
| #define HAVE_SYS_STAT_H 1
| #define HAVE_STDLIB_H 1
| #define HAVE_STRING_H 1
| #define HAVE_MEMORY_H 1
| #define HAVE_STRINGS_H 1
| #define HAVE_INTTYPES_H 1
| #define HAVE_STDINT_H 1
| #define HAVE_UNISTD_H 1
| #define __EXTENSIONS__ 1
| #define _ALL_SOURCE 1
| #define _GNU_SOURCE 1
| #define _POSIX_PTHREAD_SEMANTICS 1
| #define _TANDEM_SOURCE 1
| #define HAVE_LIBCRYPTO 1
| #define HAVE_LIBCRYPTO 1
| #define HAVE_LIBPTHREAD 1
| #define STDC_HEADERS 1
| #define HAVE_SYS_WAIT_H 1
| #define HAVE_ARPA_INET_H 1
| #define HAVE_FCNTL_H 1
| #define HAVE_NETDB_H 1
| #define HAVE_NETINET_IN_H 1
| #define HAVE_STDLIB_H 1
| #define HAVE_STRING_H 1
| #define HAVE_SYS_IOCTL_H 1
| #define HAVE_SYS_SOCKET_H 1
| #define HAVE_SYS_TIME_H 1
| #define HAVE_UNISTD_H 1
| #define TIME_WITH_SYS_TIME 1
| #define HAVE_VFORK 1
| #define HAVE_WORKING_VFORK 1
| #define HAVE_STDLIB_H 1
| #define HAVE_MALLOC 1
| #define HAVE_SYS_SELECT_H 1
| #define HAVE_SYS_SOCKET_H 1
| #define SELECT_TYPE_ARG1 int
| #define SELECT_TYPE_ARG234 (fd_set *)
| #define SELECT_TYPE_ARG5 (struct timeval *)
| #define RETSIGTYPE void
| #define HAVE_GETHOSTBYNAME 1
| #define HAVE_GETHOSTNAME 1
| #define HAVE_GETTIMEOFDAY 1
| #define HAVE_INET_NTOA 1
| /* end confdefs.h.  */
| /* Define memset to an innocuous variant, in case <limits.h> declares memset.
|    For example, HP-UX 11i <limits.h> declares gettimeofday.  */
| #define memset innocuous_memset
| 
| /* System header to define __stub macros and hopefully few prototypes,
|     which can conflict with char memset (); below.
|     Prefer <limits.h> to <assert.h> if __STDC__ is defined, since
|     <limits.h> exists even on freestanding compilers.  */
| 
| #ifdef __STDC__
| # include <limits.h>
| #else
| # include <assert.h>
| #endif
| 
| #undef memset
| 
| /* Override any GCC internal prototype to avoid an error.
|    Use char because int might match the return type of a GCC
|    builtin and then its argument prototype would still apply.  */
| #ifdef __cplusplus
| extern "C"
| #endif
| char memset ();
| /* The GNU C library defines this for functions which it implements
|     to always fail with ENOSYS.  Some functions are actually named
|     something starting with __ and the normal name is an alias.  */
| #if defined __stub_memset || defined __stub___memset
| choke me
| #endif
| 
| int
| main ()
| {
| return memset ();
|   ;
|   return 0;
| }
configure:6732: result: no
configure:6732: checking for pow
configure:6732: /usr/bin/gcc -o conftest -g3 -gdwarf-2 -O3 -Werror -D_GNU_SOURCE -fno-strict-aliasing   conftest.c -lpthread -lcrypto -lcrypto  -lm >&5
conftest.c:79:6: error: conflicting types for built-in function 'pow' [-Werror]
 char pow ();
      ^
cc1: all warnings being treated as errors
configure:6732: $? = 1
configure: failed program was:
| /* confdefs.h */
| #define PACKAGE_NAME "OpenHIP"
| #define PACKAGE_TARNAME "openhip"
| #define PACKAGE_VERSION "0.9svn1"
| #define PACKAGE_STRING "OpenHIP 0.9svn1"
| #define PACKAGE_BUGREPORT "openhip-developers@lists.sourceforge.net"
| #define PACKAGE_URL ""
| #define PACKAGE "openhip"
| #define VERSION "0.9svn1"
| #define STDC_HEADERS 1
| #define HAVE_SYS_TYPES_H 1
| #define HAVE_SYS_STAT_H 1
| #define HAVE_STDLIB_H 1
| #define HAVE_STRING_H 1
| #define HAVE_MEMORY_H 1
| #define HAVE_STRINGS_H 1
| #define HAVE_INTTYPES_H 1
| #define HAVE_STDINT_H 1
| #define HAVE_UNISTD_H 1
| #define __EXTENSIONS__ 1
| #define _ALL_SOURCE 1
| #define _GNU_SOURCE 1
| #define _POSIX_PTHREAD_SEMANTICS 1
| #define _TANDEM_SOURCE 1
| #define HAVE_LIBCRYPTO 1
| #define HAVE_LIBCRYPTO 1
| #define HAVE_LIBPTHREAD 1
| #define STDC_HEADERS 1
| #define HAVE_SYS_WAIT_H 1
| #define HAVE_ARPA_INET_H 1
| #define HAVE_FCNTL_H 1
| #define HAVE_NETDB_H 1
| #define HAVE_NETINET_IN_H 1
| #define HAVE_STDLIB_H 1
| #define HAVE_STRING_H 1
| #define HAVE_SYS_IOCTL_H 1
| #define HAVE_SYS_SOCKET_H 1
| #define HAVE_SYS_TIME_H 1
| #define HAVE_UNISTD_H 1
| #define TIME_WITH_SYS_TIME 1
| #define HAVE_VFORK 1
| #define HAVE_WORKING_VFORK 1
| #define HAVE_STDLIB_H 1
| #define HAVE_MALLOC 1
| #define HAVE_SYS_SELECT_H 1
| #define HAVE_SYS_SOCKET_H 1
| #define SELECT_TYPE_ARG1 int
| #define SELECT_TYPE_ARG234 (fd_set *)
| #define SELECT_TYPE_ARG5 (struct timeval *)
| #define RETSIGTYPE void
| #define HAVE_GETHOSTBYNAME 1
| #define HAVE_GETHOSTNAME 1
| #define HAVE_GETTIMEOFDAY 1
| #define HAVE_INET_NTOA 1
| /* end confdefs.h.  */
| /* Define pow to an innocuous variant, in case <limits.h> declares pow.
|    For example, HP-UX 11i <limits.h> declares gettimeofday.  */
| #define pow innocuous_pow
| 
| /* System header to define __stub macros and hopefully few prototypes,
|     which can conflict with char pow (); below.
|     Prefer <limits.h> to <assert.h> if __STDC__ is defined, since
|     <limits.h> exists even on freestanding compilers.  */
| 
| #ifdef __STDC__
| # include <limits.h>
| #else
| # include <assert.h>
| #endif
| 
| #undef pow
| 
| /* Override any GCC internal prototype to avoid an error.
|    Use char because int might match the return type of a GCC
|    builtin and then its argument prototype would still apply.  */
| #ifdef __cplusplus
| extern "C"
| #endif
| char pow ();
| /* The GNU C library defines this for functions which it implements
|     to always fail with ENOSYS.  Some functions are actually named
|     something starting with __ and the normal name is an alias.  */
| #if defined __stub_pow || defined __stub___pow
| choke me
| #endif
| 
| int
| main ()
| {
| return pow ();
|   ;
|   return 0;
| }
configure:6732: result: no
configure:6732: checking for select
configure:6732: /usr/bin/gcc -o conftest -g3 -gdwarf-2 -O3 -Werror -D_GNU_SOURCE -fno-strict-aliasing   conftest.c -lpthread -lcrypto -lcrypto  -lm >&5
configure:6732: $? = 0
configure:6732: result: yes
configure:6732: checking for socket
configure:6732: /usr/bin/gcc -o conftest -g3 -gdwarf-2 -O3 -Werror -D_GNU_SOURCE -fno-strict-aliasing   conftest.c -lpthread -lcrypto -lcrypto  -lm >&5
configure:6732: $? = 0
configure:6732: result: yes
configure:6732: checking for strchr
configure:6732: /usr/bin/gcc -o conftest -g3 -gdwarf-2 -O3 -Werror -D_GNU_SOURCE -fno-strict-aliasing   conftest.c -lpthread -lcrypto -lcrypto  -lm >&5
conftest.c:81:6: error: conflicting types for built-in function 'strchr' [-Werror]
 char strchr ();
      ^
cc1: all warnings being treated as errors
configure:6732: $? = 1
configure: failed program was:
| /* confdefs.h */
| #define PACKAGE_NAME "OpenHIP"
| #define PACKAGE_TARNAME "openhip"
| #define PACKAGE_VERSION "0.9svn1"
| #define PACKAGE_STRING "OpenHIP 0.9svn1"
| #define PACKAGE_BUGREPORT "openhip-developers@lists.sourceforge.net"
| #define PACKAGE_URL ""
| #define PACKAGE "openhip"
| #define VERSION "0.9svn1"
| #define STDC_HEADERS 1
| #define HAVE_SYS_TYPES_H 1
| #define HAVE_SYS_STAT_H 1
| #define HAVE_STDLIB_H 1
| #define HAVE_STRING_H 1
| #define HAVE_MEMORY_H 1
| #define HAVE_STRINGS_H 1
| #define HAVE_INTTYPES_H 1
| #define HAVE_STDINT_H 1
| #define HAVE_UNISTD_H 1
| #define __EXTENSIONS__ 1
| #define _ALL_SOURCE 1
| #define _GNU_SOURCE 1
| #define _POSIX_PTHREAD_SEMANTICS 1
| #define _TANDEM_SOURCE 1
| #define HAVE_LIBCRYPTO 1
| #define HAVE_LIBCRYPTO 1
| #define HAVE_LIBPTHREAD 1
| #define STDC_HEADERS 1
| #define HAVE_SYS_WAIT_H 1
| #define HAVE_ARPA_INET_H 1
| #define HAVE_FCNTL_H 1
| #define HAVE_NETDB_H 1
| #define HAVE_NETINET_IN_H 1
| #define HAVE_STDLIB_H 1
| #define HAVE_STRING_H 1
| #define HAVE_SYS_IOCTL_H 1
| #define HAVE_SYS_SOCKET_H 1
| #define HAVE_SYS_TIME_H 1
| #define HAVE_UNISTD_H 1
| #define TIME_WITH_SYS_TIME 1
| #define HAVE_VFORK 1
| #define HAVE_WORKING_VFORK 1
| #define HAVE_STDLIB_H 1
| #define HAVE_MALLOC 1
| #define HAVE_SYS_SELECT_H 1
| #define HAVE_SYS_SOCKET_H 1
| #define SELECT_TYPE_ARG1 int
| #define SELECT_TYPE_ARG234 (fd_set *)
| #define SELECT_TYPE_ARG5 (struct timeval *)
| #define RETSIGTYPE void
| #define HAVE_GETHOSTBYNAME 1
| #define HAVE_GETHOSTNAME 1
| #define HAVE_GETTIMEOFDAY 1
| #define HAVE_INET_NTOA 1
| #define HAVE_SELECT 1
| #define HAVE_SOCKET 1
| /* end confdefs.h.  */
| /* Define strchr to an innocuous variant, in case <limits.h> declares strchr.
|    For example, HP-UX 11i <limits.h> declares gettimeofday.  */
| #define strchr innocuous_strchr
| 
| /* System header to define __stub macros and hopefully few prototypes,
|     which can conflict with char strchr (); below.
|     Prefer <limits.h> to <assert.h> if __STDC__ is defined, since
|     <limits.h> exists even on freestanding compilers.  */
| 
| #ifdef __STDC__
| # include <limits.h>
| #else
| # include <assert.h>
| #endif
| 
| #undef strchr
| 
| /* Override any GCC internal prototype to avoid an error.
|    Use char because int might match the return type of a GCC
|    builtin and then its argument prototype would still apply.  */
| #ifdef __cplusplus
| extern "C"
| #endif
| char strchr ();
| /* The GNU C library defines this for functions which it implements
|     to always fail with ENOSYS.  Some functions are actually named
|     something starting with __ and the normal name is an alias.  */
| #if defined __stub_strchr || defined __stub___strchr
| choke me
| #endif
| 
| int
| main ()
| {
| return strchr ();
|   ;
|   return 0;
| }
configure:6732: result: no
configure:6732: checking for strerror
configure:6732: /usr/bin/gcc -o conftest -g3 -gdwarf-2 -O3 -Werror -D_GNU_SOURCE -fno-strict-aliasing   conftest.c -lpthread -lcrypto -lcrypto  -lm >&5
configure:6732: $? = 0
configure:6732: result: yes
configure:6732: checking for strncasecmp
configure:6732: /usr/bin/gcc -o conftest -g3 -gdwarf-2 -O3 -Werror -D_GNU_SOURCE -fno-strict-aliasing   conftest.c -lpthread -lcrypto -lcrypto  -lm >&5
conftest.c:82:6: error: conflicting types for built-in function 'strncasecmp' [-Werror]
 char strncasecmp ();
      ^
cc1: all warnings being treated as errors
configure:6732: $? = 1
configure: failed program was:
| /* confdefs.h */
| #define PACKAGE_NAME "OpenHIP"
| #define PACKAGE_TARNAME "openhip"
| #define PACKAGE_VERSION "0.9svn1"
| #define PACKAGE_STRING "OpenHIP 0.9svn1"
| #define PACKAGE_BUGREPORT "openhip-developers@lists.sourceforge.net"
| #define PACKAGE_URL ""
| #define PACKAGE "openhip"
| #define VERSION "0.9svn1"
| #define STDC_HEADERS 1
| #define HAVE_SYS_TYPES_H 1
| #define HAVE_SYS_STAT_H 1
| #define HAVE_STDLIB_H 1
| #define HAVE_STRING_H 1
| #define HAVE_MEMORY_H 1
| #define HAVE_STRINGS_H 1
| #define HAVE_INTTYPES_H 1
| #define HAVE_STDINT_H 1
| #define HAVE_UNISTD_H 1
| #define __EXTENSIONS__ 1
| #define _ALL_SOURCE 1
| #define _GNU_SOURCE 1
| #define _POSIX_PTHREAD_SEMANTICS 1
| #define _TANDEM_SOURCE 1
| #define HAVE_LIBCRYPTO 1
| #define HAVE_LIBCRYPTO 1
| #define HAVE_LIBPTHREAD 1
| #define STDC_HEADERS 1
| #define HAVE_SYS_WAIT_H 1
| #define HAVE_ARPA_INET_H 1
| #define HAVE_FCNTL_H 1
| #define HAVE_NETDB_H 1
| #define HAVE_NETINET_IN_H 1
| #define HAVE_STDLIB_H 1
| #define HAVE_STRING_H 1
| #define HAVE_SYS_IOCTL_H 1
| #define HAVE_SYS_SOCKET_H 1
| #define HAVE_SYS_TIME_H 1
| #define HAVE_UNISTD_H 1
| #define TIME_WITH_SYS_TIME 1
| #define HAVE_VFORK 1
| #define HAVE_WORKING_VFORK 1
| #define HAVE_STDLIB_H 1
| #define HAVE_MALLOC 1
| #define HAVE_SYS_SELECT_H 1
| #define HAVE_SYS_SOCKET_H 1
| #define SELECT_TYPE_ARG1 int
| #define SELECT_TYPE_ARG234 (fd_set *)
| #define SELECT_TYPE_ARG5 (struct timeval *)
| #define RETSIGTYPE void
| #define HAVE_GETHOSTBYNAME 1
| #define HAVE_GETHOSTNAME 1
| #define HAVE_GETTIMEOFDAY 1
| #define HAVE_INET_NTOA 1
| #define HAVE_SELECT 1
| #define HAVE_SOCKET 1
| #define HAVE_STRERROR 1
| /* end confdefs.h.  */
| /* Define strncasecmp to an innocuous variant, in case <limits.h> declares strncasecmp.
|    For example, HP-UX 11i <limits.h> declares gettimeofday.  */
| #define strncasecmp innocuous_strncasecmp
| 
| /* System header to define __stub macros and hopefully few prototypes,
|     which can conflict with char strncasecmp (); below.
|     Prefer <limits.h> to <assert.h> if __STDC__ is defined, since
|     <limits.h> exists even on freestanding compilers.  */
| 
| #ifdef __STDC__
| # include <limits.h>
| #else
| # include <assert.h>
| #endif
| 
| #undef strncasecmp
| 
| /* Override any GCC internal prototype to avoid an error.
|    Use char because int might match the return type of a GCC
|    builtin and then its argument prototype would still apply.  */
| #ifdef __cplusplus
| extern "C"
| #endif
| char strncasecmp ();
| /* The GNU C library defines this for functions which it implements
|     to always fail with ENOSYS.  Some functions are actually named
|     something starting with __ and the normal name is an alias.  */
| #if defined __stub_strncasecmp || defined __stub___strncasecmp
| choke me
| #endif
| 
| int
| main ()
| {
| return strncasecmp ();
|   ;
|   return 0;
| }
configure:6732: result: no
configure:6732: checking for strrchr
configure:6732: /usr/bin/gcc -o conftest -g3 -gdwarf-2 -O3 -Werror -D_GNU_SOURCE -fno-strict-aliasing   conftest.c -lpthread -lcrypto -lcrypto  -lm >&5
conftest.c:82:6: error: conflicting types for built-in function 'strrchr' [-Werror]
 char strrchr ();
      ^
cc1: all warnings being treated as errors
configure:6732: $? = 1
configure: failed program was:
| /* confdefs.h */
| #define PACKAGE_NAME "OpenHIP"
| #define PACKAGE_TARNAME "openhip"
| #define PACKAGE_VERSION "0.9svn1"
| #define PACKAGE_STRING "OpenHIP 0.9svn1"
| #define PACKAGE_BUGREPORT "openhip-developers@lists.sourceforge.net"
| #define PACKAGE_URL ""
| #define PACKAGE "openhip"
| #define VERSION "0.9svn1"
| #define STDC_HEADERS 1
| #define HAVE_SYS_TYPES_H 1
| #define HAVE_SYS_STAT_H 1
| #define HAVE_STDLIB_H 1
| #define HAVE_STRING_H 1
| #define HAVE_MEMORY_H 1
| #define HAVE_STRINGS_H 1
| #define HAVE_INTTYPES_H 1
| #define HAVE_STDINT_H 1
| #define HAVE_UNISTD_H 1
| #define __EXTENSIONS__ 1
| #define _ALL_SOURCE 1
| #define _GNU_SOURCE 1
| #define _POSIX_PTHREAD_SEMANTICS 1
| #define _TANDEM_SOURCE 1
| #define HAVE_LIBCRYPTO 1
| #define HAVE_LIBCRYPTO 1
| #define HAVE_LIBPTHREAD 1
| #define STDC_HEADERS 1
| #define HAVE_SYS_WAIT_H 1
| #define HAVE_ARPA_INET_H 1
| #define HAVE_FCNTL_H 1
| #define HAVE_NETDB_H 1
| #define HAVE_NETINET_IN_H 1
| #define HAVE_STDLIB_H 1
| #define HAVE_STRING_H 1
| #define HAVE_SYS_IOCTL_H 1
| #define HAVE_SYS_SOCKET_H 1
| #define HAVE_SYS_TIME_H 1
| #define HAVE_UNISTD_H 1
| #define TIME_WITH_SYS_TIME 1
| #define HAVE_VFORK 1
| #define HAVE_WORKING_VFORK 1
| #define HAVE_STDLIB_H 1
| #define HAVE_MALLOC 1
| #define HAVE_SYS_SELECT_H 1
| #define HAVE_SYS_SOCKET_H 1
| #define SELECT_TYPE_ARG1 int
| #define SELECT_TYPE_ARG234 (fd_set *)
| #define SELECT_TYPE_ARG5 (struct timeval *)
| #define RETSIGTYPE void
| #define HAVE_GETHOSTBYNAME 1
| #define HAVE_GETHOSTNAME 1
| #define HAVE_GETTIMEOFDAY 1
| #define HAVE_INET_NTOA 1
| #define HAVE_SELECT 1
| #define HAVE_SOCKET 1
| #define HAVE_STRERROR 1
| /* end confdefs.h.  */
| /* Define strrchr to an innocuous variant, in case <limits.h> declares strrchr.
|    For example, HP-UX 11i <limits.h> declares gettimeofday.  */
| #define strrchr innocuous_strrchr
| 
| /* System header to define __stub macros and hopefully few prototypes,
|     which can conflict with char strrchr (); below.
|     Prefer <limits.h> to <assert.h> if __STDC__ is defined, since
|     <limits.h> exists even on freestanding compilers.  */
| 
| #ifdef __STDC__
| # include <limits.h>
| #else
| # include <assert.h>
| #endif
| 
| #undef strrchr
| 
| /* Override any GCC internal prototype to avoid an error.
|    Use char because int might match the return type of a GCC
|    builtin and then its argument prototype would still apply.  */
| #ifdef __cplusplus
| extern "C"
| #endif
| char strrchr ();
| /* The GNU C library defines this for functions which it implements
|     to always fail with ENOSYS.  Some functions are actually named
|     something starting with __ and the normal name is an alias.  */
| #if defined __stub_strrchr || defined __stub___strrchr
| choke me
| #endif
| 
| int
| main ()
| {
| return strrchr ();
|   ;
|   return 0;
| }
configure:6732: result: no
configure:6732: checking for strstr
configure:6732: /usr/bin/gcc -o conftest -g3 -gdwarf-2 -O3 -Werror -D_GNU_SOURCE -fno-strict-aliasing   conftest.c -lpthread -lcrypto -lcrypto  -lm >&5
conftest.c:82:6: error: conflicting types for built-in function 'strstr' [-Werror]
 char strstr ();
      ^
cc1: all warnings being treated as errors
configure:6732: $? = 1
configure: failed program was:
| /* confdefs.h */
| #define PACKAGE_NAME "OpenHIP"
| #define PACKAGE_TARNAME "openhip"
| #define PACKAGE_VERSION "0.9svn1"
| #define PACKAGE_STRING "OpenHIP 0.9svn1"
| #define PACKAGE_BUGREPORT "openhip-developers@lists.sourceforge.net"
| #define PACKAGE_URL ""
| #define PACKAGE "openhip"
| #define VERSION "0.9svn1"
| #define STDC_HEADERS 1
| #define HAVE_SYS_TYPES_H 1
| #define HAVE_SYS_STAT_H 1
| #define HAVE_STDLIB_H 1
| #define HAVE_STRING_H 1
| #define HAVE_MEMORY_H 1
| #define HAVE_STRINGS_H 1
| #define HAVE_INTTYPES_H 1
| #define HAVE_STDINT_H 1
| #define HAVE_UNISTD_H 1
| #define __EXTENSIONS__ 1
| #define _ALL_SOURCE 1
| #define _GNU_SOURCE 1
| #define _POSIX_PTHREAD_SEMANTICS 1
| #define _TANDEM_SOURCE 1
| #define HAVE_LIBCRYPTO 1
| #define HAVE_LIBCRYPTO 1
| #define HAVE_LIBPTHREAD 1
| #define STDC_HEADERS 1
| #define HAVE_SYS_WAIT_H 1
| #define HAVE_ARPA_INET_H 1
| #define HAVE_FCNTL_H 1
| #define HAVE_NETDB_H 1
| #define HAVE_NETINET_IN_H 1
| #define HAVE_STDLIB_H 1
| #define HAVE_STRING_H 1
| #define HAVE_SYS_IOCTL_H 1
| #define HAVE_SYS_SOCKET_H 1
| #define HAVE_SYS_TIME_H 1
| #define HAVE_UNISTD_H 1
| #define TIME_WITH_SYS_TIME 1
| #define HAVE_VFORK 1
| #define HAVE_WORKING_VFORK 1
| #define HAVE_STDLIB_H 1
| #define HAVE_MALLOC 1
| #define HAVE_SYS_SELECT_H 1
| #define HAVE_SYS_SOCKET_H 1
| #define SELECT_TYPE_ARG1 int
| #define SELECT_TYPE_ARG234 (fd_set *)
| #define SELECT_TYPE_ARG5 (struct timeval *)
| #define RETSIGTYPE void
| #define HAVE_GETHOSTBYNAME 1
| #define HAVE_GETHOSTNAME 1
| #define HAVE_GETTIMEOFDAY 1
| #define HAVE_INET_NTOA 1
| #define HAVE_SELECT 1
| #define HAVE_SOCKET 1
| #define HAVE_STRERROR 1
| /* end confdefs.h.  */
| /* Define strstr to an innocuous variant, in case <limits.h> declares strstr.
|    For example, HP-UX 11i <limits.h> declares gettimeofday.  */
| #define strstr innocuous_strstr
| 
| /* System header to define __stub macros and hopefully few prototypes,
|     which can conflict with char strstr (); below.
|     Prefer <limits.h> to <assert.h> if __STDC__ is defined, since
|     <limits.h> exists even on freestanding compilers.  */
| 
| #ifdef __STDC__
| # include <limits.h>
| #else
| # include <assert.h>
| #endif
| 
| #undef strstr
| 
| /* Override any GCC internal prototype to avoid an error.
|    Use char because int might match the return type of a GCC
|    builtin and then its argument prototype would still apply.  */
| #ifdef __cplusplus
| extern "C"
| #endif
| char strstr ();
| /* The GNU C library defines this for functions which it implements
|     to always fail with ENOSYS.  Some functions are actually named
|     something starting with __ and the normal name is an alias.  */
| #if defined __stub_strstr || defined __stub___strstr
| choke me
| #endif
| 
| int
| main ()
| {
| return strstr ();
|   ;
|   return 0;
| }
configure:6732: result: no
configure:6732: checking for uname
configure:6732: /usr/bin/gcc -o conftest -g3 -gdwarf-2 -O3 -Werror -D_GNU_SOURCE -fno-strict-aliasing   conftest.c -lpthread -lcrypto -lcrypto  -lm >&5
configure:6732: $? = 0
configure:6732: result: yes
configure:6744: checking if --enable-vpls option is specified
configure:6753: result: no
configure:6843: checking build system type
configure:6857: result: x86_64-pc-linux-gnu
configure:6877: checking host system type
configure:6890: result: x86_64-pc-linux-gnu
configure:7006: checking for pkg-config
configure:7024: found /usr/bin/pkg-config
configure:7036: result: /usr/bin/pkg-config
configure:7061: checking pkg-config is at least version 0.9.0
configure:7064: result: yes
configure:7074: checking for libxml2
configure:7081: $PKG_CONFIG --exists --print-errors "libxml-2.0"
configure:7084: $? = 0
configure:7098: $PKG_CONFIG --exists --print-errors "libxml-2.0"
configure:7101: $? = 0
configure:7159: result: yes
configure:7274: checking that generated files are newer than configure
configure:7280: result: done
configure:7327: creating ./config.status

## ---------------------- ##
## Running config.status. ##
## ---------------------- ##

This file was extended by OpenHIP config.status 0.9svn1, which was
generated by GNU Autoconf 2.69.  Invocation command line was

  CONFIG_FILES    = 
  CONFIG_HEADERS  = 
  CONFIG_LINKS    = 
  CONFIG_COMMANDS = 
  $ ./config.status 

on mohammad-ThinkPad-X220

config.status:927: creating src/include/hip/hip_version.h
config.status:927: creating src/linux/openhip.spec
config.status:927: creating src/win32/install-win32/openhip.nsi
config.status:927: creating docs/Doxyfile
config.status:927: creating Makefile
config.status:927: creating src/Makefile
config.status:927: creating src/util/Makefile
config.status:927: creating docs/Makefile
config.status:927: creating config.h
config.status:1108: config.h is unchanged
config.status:1156: executing depfiles commands
configure:8654:  
configure:8656: === Finished configuring OpenHIP 0.9svn1: ===
configure:8658:  
configure:8660:     - building HIP user mode binary 'hip'
configure:8662:  
configure:8664:     - building 'hitgen' utility
configure:8666:  
configure:8675:     - NOT building virtual private LAN service extensions
configure:8678:  

## ---------------- ##
## Cache variables. ##
## ---------------- ##

ac_cv_build=x86_64-pc-linux-gnu
ac_cv_c_compiler_gnu=yes
ac_cv_c_const=yes
ac_cv_c_inline=inline
ac_cv_cxx_compiler_gnu=yes
ac_cv_env_CCC_set=
ac_cv_env_CCC_value=
ac_cv_env_CC_set=set
ac_cv_env_CC_value=/usr/bin/gcc
ac_cv_env_CFLAGS_set=set
ac_cv_env_CFLAGS_value='-g3 -gdwarf-2'
ac_cv_env_CPPFLAGS_set=
ac_cv_env_CPPFLAGS_value=
ac_cv_env_CPP_set=
ac_cv_env_CPP_value=
ac_cv_env_CXXFLAGS_set=set
ac_cv_env_CXXFLAGS_value='-g3 -gdwarf-2'
ac_cv_env_CXX_set=set
ac_cv_env_CXX_value=/usr/bin/g++
ac_cv_env_LDFLAGS_set=
ac_cv_env_LDFLAGS_value=
ac_cv_env_LIBS_set=
ac_cv_env_LIBS_value=
ac_cv_env_PKG_CONFIG_LIBDIR_set=
ac_cv_env_PKG_CONFIG_LIBDIR_value=
ac_cv_env_PKG_CONFIG_PATH_set=
ac_cv_env_PKG_CONFIG_PATH_value=
ac_cv_env_PKG_CONFIG_set=
ac_cv_env_PKG_CONFIG_value=
ac_cv_env_build_alias_set=
ac_cv_env_build_alias_value=
ac_cv_env_host_alias_set=
ac_cv_env_host_alias_value=
ac_cv_env_libxml2_CFLAGS_set=
ac_cv_env_libxml2_CFLAGS_value=
ac_cv_env_libxml2_LIBS_set=
ac_cv_env_libxml2_LIBS_value=
ac_cv_env_target_alias_set=
ac_cv_env_target_alias_value=
ac_cv_func_bzero=no
ac_cv_func_fork=no
ac_cv_func_fork_works=no
ac_cv_func_gethostbyname=yes
ac_cv_func_gethostname=yes
ac_cv_func_gettimeofday=yes
ac_cv_func_inet_ntoa=yes
ac_cv_func_malloc_0_nonnull=yes
ac_cv_func_memcmp_working=yes
ac_cv_func_memmove=no
ac_cv_func_memset=no
ac_cv_func_pow=no
ac_cv_func_select=yes
ac_cv_func_select_args='int,fd_set *,struct timeval *'
ac_cv_func_socket=yes
ac_cv_func_strchr=no
ac_cv_func_strerror=yes
ac_cv_func_strncasecmp=no
ac_cv_func_strrchr=no
ac_cv_func_strstr=no
ac_cv_func_uname=yes
ac_cv_func_vfork=yes
ac_cv_func_vfork_works=yes
ac_cv_func_vprintf=no
ac_cv_header_arpa_inet_h=yes
ac_cv_header_fcntl_h=yes
ac_cv_header_inttypes_h=yes
ac_cv_header_memory_h=yes
ac_cv_header_minix_config_h=no
ac_cv_header_netdb_h=yes
ac_cv_header_netinet_in_h=yes
ac_cv_header_stdc=yes
ac_cv_header_stdint_h=yes
ac_cv_header_stdlib_h=yes
ac_cv_header_string_h=yes
ac_cv_header_strings_h=yes
ac_cv_header_sys_ioctl_h=yes
ac_cv_header_sys_select_h=yes
ac_cv_header_sys_socket_h=yes
ac_cv_header_sys_stat_h=yes
ac_cv_header_sys_time_h=yes
ac_cv_header_sys_types_h=yes
ac_cv_header_sys_wait_h=yes
ac_cv_header_time=yes
ac_cv_header_unistd_h=yes
ac_cv_header_vfork_h=no
ac_cv_host=x86_64-pc-linux-gnu
ac_cv_lib_crypto_AES_cbc_encrypt=yes
ac_cv_lib_crypto_RSA_verify=yes
ac_cv_lib_pthread_pthread_create=yes
ac_cv_objext=o
ac_cv_path_EGREP='/bin/grep -E'
ac_cv_path_GREP=/bin/grep
ac_cv_path_ac_pt_PKG_CONFIG=/usr/bin/pkg-config
ac_cv_path_install='/usr/bin/install -c'
ac_cv_path_mkdir=/bin/mkdir
ac_cv_prog_AWK=gawk
ac_cv_prog_CPP='/usr/bin/gcc -E'
ac_cv_prog_ac_ct_CC=/usr/bin/gcc
ac_cv_prog_cc_c89=
ac_cv_prog_cc_g=yes
ac_cv_prog_cxx_g=yes
ac_cv_prog_gcc_traditional=no
ac_cv_prog_make_make_set=yes
ac_cv_safe_to_define___extensions__=yes
ac_cv_type_pid_t=yes
ac_cv_type_signal=void
ac_cv_type_size_t=yes
am_cv_CC_dependencies_compiler_type=gcc3
am_cv_CXX_dependencies_compiler_type=gcc3
am_cv_make_support_nested_variables=yes
am_cv_prog_cc_c_o=yes
pkg_cv_libxml2_CFLAGS=-I/usr/include/libxml2
pkg_cv_libxml2_LIBS=-lxml2

## ----------------- ##
## Output variables. ##
## ----------------- ##

ACLOCAL='${SHELL} /home/mohammad/Desktop/git/openhip/config/missing aclocal-1.15'
AMDEPBACKSLASH='\'
AMDEP_FALSE='#'
AMDEP_TRUE=''
AMTAR='$${TAR-tar}'
AM_BACKSLASH='\'
AM_DEFAULT_V='$(AM_DEFAULT_VERBOSITY)'
AM_DEFAULT_VERBOSITY='1'
AM_V='$(V)'
AUTOCONF='${SHELL} /home/mohammad/Desktop/git/openhip/config/missing autoconf'
AUTOHEADER='${SHELL} /home/mohammad/Desktop/git/openhip/config/missing autoheader'
AUTOMAKE='${SHELL} /home/mohammad/Desktop/git/openhip/config/missing automake-1.15'
AWK='gawk'
CC='/usr/bin/gcc'
CCDEPMODE='depmode=gcc3'
CFLAGS='-g3 -gdwarf-2 -O3 -Werror -D_GNU_SOURCE -fno-strict-aliasing -Wall -DCONFIG_HIP -DSYSCONFDIR="\"$(sysconfdir)\"" -DLOCALSTATEDIR="\"$(localstatedir)\""  '
CPP='/usr/bin/gcc -E'
CPPFLAGS=''
CXX='/usr/bin/g++'
CXXDEPMODE='depmode=gcc3'
CXXFLAGS='-g3 -gdwarf-2'
CYGPATH_W='echo'
DEFS='-DHAVE_CONFIG_H'
DEPDIR='.deps'
ECHO_C=''
ECHO_N='-n'
ECHO_T=''
EGREP='/bin/grep -E'
EXEEXT=''
GREP='/bin/grep'
INSTALL_DATA='${INSTALL} -m 644'
INSTALL_PROGRAM='${INSTALL}'
INSTALL_SCRIPT='${INSTALL}'
INSTALL_STRIP_PROGRAM='$(install_sh) -c -s'
LDFLAGS=''
LIBOBJS=''
LIBS='-lpthread -lcrypto -lcrypto  -lm'
LTLIBOBJS=''
MAKEINFO='${SHELL} /home/mohammad/Desktop/git/openhip/config/missing makeinfo'
MKDIR_P='/bin/mkdir -p'
OBJEXT='o'
PACKAGE='openhip'
PACKAGE_BUGREPORT='openhip-developers@lists.sourceforge.net'
PACKAGE_NAME='OpenHIP'
PACKAGE_STRING='OpenHIP 0.9svn1'
PACKAGE_TARNAME='openhip'
PACKAGE_URL=''
PACKAGE_VERSION='0.9svn1'
PATH_SEPARATOR=':'
PKG_CONFIG='/usr/bin/pkg-config'
PKG_CONFIG_LIBDIR=''
PKG_CONFIG_PATH=''
SET_MAKE=''
SHELL='/bin/bash'
STRIP=''
VERSION='0.9svn1'
WANT_OSX_FALSE=''
WANT_OSX_TRUE='#'
WANT_VPLS_FALSE=''
WANT_VPLS_FILES_CFG_FALSE=''
WANT_VPLS_FILES_CFG_TRUE='#'
WANT_VPLS_IFMAP_CFG_FALSE=''
WANT_VPLS_IFMAP_CFG_TRUE='#'
WANT_VPLS_TRUE='#'
ac_ct_CC='/usr/bin/gcc'
ac_ct_CXX=''
am__EXEEXT_FALSE=''
am__EXEEXT_TRUE='#'
am__fastdepCC_FALSE='#'
am__fastdepCC_TRUE=''
am__fastdepCXX_FALSE='#'
am__fastdepCXX_TRUE=''
am__include='include'
am__isrc=''
am__leading_dot='.'
am__nodep='_no'
am__quote=''
am__tar='$${TAR-tar} chof - "$$tardir"'
am__untar='$${TAR-tar} xf -'
bindir='${exec_prefix}/bin'
build='x86_64-pc-linux-gnu'
build_alias=''
build_cpu='x86_64'
build_os='linux-gnu'
build_vendor='pc'
datadir='${datarootdir}'
datarootdir='${prefix}/share'
docdir='${datarootdir}/doc/${PACKAGE_TARNAME}'
dvidir='${docdir}'
exec_prefix='${prefix}'
host='x86_64-pc-linux-gnu'
host_alias=''
host_cpu='x86_64'
host_os='linux-gnu'
host_vendor='pc'
htmldir='${docdir}'
includedir='${prefix}/include'
infodir='${datarootdir}/info'
install_sh='${SHELL} /home/mohammad/Desktop/git/openhip/config/install-sh'
libdir='${exec_prefix}/lib'
libexecdir='${exec_prefix}/libexec'
libxml2_CFLAGS='-I/usr/include/libxml2'
libxml2_LIBS='-lxml2'
localedir='${datarootdir}/locale'
localstatedir='/var'
mandir='${datarootdir}/man'
mkdir_p='$(MKDIR_P)'
oldincludedir='/usr/include'
pdfdir='${docdir}'
prefix='/usr/local'
program_transform_name='s,x,x,'
psdir='${docdir}'
runstatedir='${localstatedir}/run'
sbindir='${exec_prefix}/sbin'
sharedstatedir='${prefix}/com'
sysconfdir='${prefix}/etc/hip'
target_alias=''

## ----------- ##
## confdefs.h. ##
## ----------- ##

/* confdefs.h */
#define PACKAGE_NAME "OpenHIP"
#define PACKAGE_TARNAME "openhip"
#define PACKAGE_VERSION "0.9svn1"
#define PACKAGE_STRING "OpenHIP 0.9svn1"
#define PACKAGE_BUGREPORT "openhip-developers@lists.sourceforge.net"
#define PACKAGE_URL ""
#define PACKAGE "openhip"
#define VERSION "0.9svn1"
#define STDC_HEADERS 1
#define HAVE_SYS_TYPES_H 1
#define HAVE_SYS_STAT_H 1
#define HAVE_STDLIB_H 1
#define HAVE_STRING_H 1
#define HAVE_MEMORY_H 1
#define HAVE_STRINGS_H 1
#define HAVE_INTTYPES_H 1
#define HAVE_STDINT_H 1
#define HAVE_UNISTD_H 1
#define __EXTENSIONS__ 1
#define _ALL_SOURCE 1
#define _GNU_SOURCE 1
#define _POSIX_PTHREAD_SEMANTICS 1
#define _TANDEM_SOURCE 1
#define HAVE_LIBCRYPTO 1
#define HAVE_LIBCRYPTO 1
#define HAVE_LIBPTHREAD 1
#define STDC_HEADERS 1
#define HAVE_SYS_WAIT_H 1
#define HAVE_ARPA_INET_H 1
#define HAVE_FCNTL_H 1
#define HAVE_NETDB_H 1
#define HAVE_NETINET_IN_H 1
#define HAVE_STDLIB_H 1
#define HAVE_STRING_H 1
#define HAVE_SYS_IOCTL_H 1
#define HAVE_SYS_SOCKET_H 1
#define HAVE_SYS_TIME_H 1
#define HAVE_UNISTD_H 1
#define TIME_WITH_SYS_TIME 1
#define HAVE_VFORK 1
#define HAVE_WORKING_VFORK 1
#define HAVE_STDLIB_H 1
#define HAVE_MALLOC 1
#define HAVE_SYS_SELECT_H 1
#define HAVE_SYS_SOCKET_H 1
#define SELECT_TYPE_ARG1 int
#define SELECT_TYPE_ARG234 (fd_set *)
#define SELECT_TYPE_ARG5 (struct timeval *)
#define RETSIGTYPE void
#define HAVE_GETHOSTBYNAME 1
#define HAVE_GETHOSTNAME 1
#define HAVE_GETTIMEOFDAY 1
#define HAVE_INET_NTOA 1
#define HAVE_SELECT 1
#define HAVE_SOCKET 1
#define HAVE_STRERROR 1
#define HAVE_UNAME 1

configure: exit 0
